 - seconds 12 / 13 - Thu 2024/10/10 18:16:13
counterHigh:  4 - seconds 13 / 14 - Thu 2024/10/10 18:16:14
strTimeStamp: 18:16:16 
init...
splash screen - hit any button
drawTextScreen : line 0 - 0123456789ABCDEF0123
drawTextScreen : line 1 - --------------------
drawTextScreen : line 2 - This is just a small
drawTextScreen : line 3 - test, trying to put 
drawTextScreen : line 4 - text to the OLED.   
drawTextScreen : line 5 -                     
drawTextScreen : line 6 - This is ONLY A TEST!
drawTextScreen : line 7 - ....................
text screen test - hit any button
init relay 0 : 12 d/%02d/%02d %2d:%02d:%02d LOOP PUMP
drawTextScreen : line 2 - This is just a small
drawTextScreen : line 3 - test, trying to put 
drawTextScreen : line 4 - text to the OLED.   
drawTextScreen : line 5 -                     
drawTextScreen : line 6 - This is ONLY A TEST!
drawTextScreen : line 7 - ....................
drawTextScreen : line 0 - init relay 0 : 12 d/
drawTextScreen : line 1 - LOOP PUMP
init relay 1 : 11 d/%02d/%02d %2d:%02d:%02d XFER PUMP
drawTextScreen : line 4 - text to the OLED.   
drawTextScreen : line 5 -                     
drawTextScreen : line 6 - This is ONLY A TEST!
drawTextScreen : line 7 - ....................
drawTextScreen : line 0 - init relay 0 : 12 d/
drawTextScreen : line 1 - LOOP PUMP
drawTextScreen : line 2 - init relay 1 : 11 d/
drawTextScreen : line 3 - XFER PUMP
init relay 2 : 10 d/%02d/%02d %2d:%02d:%02d HEAT FAN
drawTextScreen : line 6 - This is ONLY A TEST!
drawTextScreen : line 7 - ....................
drawTextScreen : line 0 - init relay 0 : 12 d/
drawTextScreen : line 1 - LOOP PUMP
drawTextScreen : line 2 - init relay 1 : 11 d/
drawTextScreen : line 3 - XFER PUMP
drawTextScreen : line 4 - init relay 2 : 10 d/
drawTextScreen : line 5 - HEAT FAN
init relay 3 : 9 d/%02d/%02d %2d:%02d:%02d 12V DC HEAT
drawTextScreen : line 0 - init relay 0 : 12 d/
drawTextScreen : line 1 - LOOP PUMP
drawTextScreen : line 2 - init relay 1 : 11 d/
drawTextScreen : line 3 - XFER PUMP
drawTextScreen : line 4 - init relay 2 : 10 d/
drawTextScreen : line 5 - HEAT FAN
drawTextScreen : line 6 - init relay 3 : 9 d/%
drawTextScreen : line 7 - 12V DC HEAT
Done relays..
drawTextScreen : line 1 - LOOP PUMP
drawTextScreen : line 2 - init relay 1 : 11 d/
drawTextScreen : line 3 - XFER PUMP
drawTextScreen : line 4 - init relay 2 : 10 d/
drawTextScreen : line 5 - HEAT FAN
drawTextScreen : line 6 - init relay 3 : 9 d/%
drawTextScreen : line 7 - 12V DC HEAT
drawTextScreen : line 0 - Done relays...
init temp 0 : 12 SHED
drawTextScreen : line 3 - XFER PUMP
drawTextScreen : line 4 - init relay 2 : 10 d/
drawTextScreen : line 5 - HEAT FAN
drawTextScreen : line 6 - init relay 3 : 9 d/%
drawTextScreen : line 7 - 12V DC HEAT
drawTextScreen : line 0 - Done relays...
drawTextScreen : line 1 - init temp 0 : 12 
drawTextScreen : line 2 - SHED
81.68
drawTextScreen : line 4 - init relay 2 : 10 d/
drawTextScreen : line 5 - HEAT FAN
drawTextScreen : line 6 - init relay 3 : 9 d/%
drawTextScreen : line 7 - 12V DC HEAT
drawTextScreen : line 0 - Done relays...
drawTextScreen : line 1 - init temp 0 : 12 
drawTextScreen : line 2 - SHED
drawTextScreen : line 3 - 81.68
init temp 1 : 11 HEATSINK
drawTextScreen : line 6 - init relay 3 : 9 d/%
drawTextScreen : line 7 - 12V DC HEAT
drawTextScreen : line 0 - Done relays...
drawTextScreen : line 1 - init temp 0 : 12 
drawTextScreen : line 2 - SHED
drawTextScreen : line 3 - 81.68
drawTextScreen : line 4 - init temp 1 : 11 
drawTextScreen : line 5 - HEATSINK
ERROR!
ERR
drawTextScreen : line 7 - 12V DC HEAT
drawTextScreen : line 0 - Done relays...
drawTextScreen : line 1 - init temp 0 : 12 
drawTextScreen : line 2 - SHED
drawTextScreen : line 3 - 81.68
drawTextScreen : line 4 - init temp 1 : 11 
drawTextScreen : line 5 - HEATSINK
drawTextScreen : line 6 - ERR
init temp 2 : 10 SAND
drawTextScreen : line 1 - init temp 0 : 12 
drawTextScreen : line 2 - SHED
drawTextScreen : line 3 - 81.68
drawTextScreen : line 4 - init temp 1 : 11 
drawTextScreen : line 5 - HEATSINK
drawTextScreen : line 6 - ERR
drawTextScreen : line 7 - init temp 2 : 10 
drawTextScreen : line 0 - SAND
ERROR!
ERR
drawTextScreen : line 2 - SHED
drawTextScreen : line 3 - 81.68
drawTextScreen : line 4 - init temp 1 : 11 
drawTextScreen : line 5 - HEATSINK
drawTextScreen : line 6 - ERR
drawTextScreen : line 7 - init temp 2 : 10 
drawTextScreen : line 0 - SAND
drawTextScreen : line 1 - ERR
init temp 3 : 9 RESERVOIR
drawTextScreen : line 4 - init temp 1 : 11 
drawTextScreen : line 5 - HEATSINK
drawTextScreen : line 6 - ERR
drawTextScreen : line 7 - init temp 2 : 10 
drawTextScreen : line 0 - SAND
drawTextScreen : line 1 - ERR
drawTextScreen : line 2 - init temp 3 : 9 
drawTextScreen : line 3 - RESERVOIR
ERROR!
ERR
drawTextScreen : line 5 - HEATSINK
drawTextScreen : line 6 - ERR
drawTextScreen : line 7 - init temp 2 : 10 
drawTextScreen : line 0 - SAND
drawTextScreen : line 1 - ERR
drawTextScreen : line 2 - init temp 3 : 9 
drawTextScreen : line 3 - RESERVOIR
drawTextScreen : line 4 - ERR
init temp 4 : 78 ROOF
drawTextScreen : line 7 - init temp 2 : 10 
drawTextScreen : line 0 - SAND
drawTextScreen : line 1 - ERR
drawTextScreen : line 2 - init temp 3 : 9 
drawTextScreen : line 3 - RESERVOIR
drawTextScreen : line 4 - ERR
drawTextScreen : line 5 - init temp 4 : 78 
drawTextScreen : line 6 - ROOF
ERROR!
ERR
drawTextScreen : line 0 - SAND
drawTextScreen : line 1 - ERR
drawTextScreen : line 2 - init temp 3 : 9 
drawTextScreen : line 3 - RESERVOIR
drawTextScreen : line 4 - ERR
drawTextScreen : line 5 - init temp 4 : 78 
drawTextScreen : line 6 - ROOF
drawTextScreen : line 7 - ERR
init temp 5 : 2 AMBIENT
drawTextScreen : line 2 - init temp 3 : 9 
drawTextScreen : line 3 - RESERVOIR
drawTextScreen : line 4 - ERR
drawTextScreen : line 5 - init temp 4 : 78 
drawTextScreen : line 6 - ROOF
drawTextScreen : line 7 - ERR
drawTextScreen : line 0 - init temp 5 : 2 
drawTextScreen : line 1 - AMBIENT
80.06
drawTextScreen : line 3 - RESERVOIR
drawTextScreen : line 4 - ERR
drawTextScreen : line 5 - init temp 4 : 78 
drawTextScreen : line 6 - ROOF
drawTextScreen : line 7 - ERR
drawTextScreen : line 0 - init temp 5 : 2 
drawTextScreen : line 1 - AMBIENT
drawTextScreen : line 2 - 80.06
drawTextScreen : line 6 - ROOF
drawTextScreen : line 7 - ERR
drawTextScreen : line 0 - init temp 5 : 2 
drawTextScreen : line 1 - AMBIENT
drawTextScreen : line 2 - 80.06
drawTextScreen : line 3 -  
drawTextScreen : line 4 - Done DHTs...
drawTextScreen : line 5 -  
SYSTEM INIT DONE!
switching mode from -1 to 0
counterHigh:  0 - seconds  0 / 25 - Thu 2024/10/10 18:16:25
Secondloop too long, reducing by 10 to 3490
LCD display : 10/10   18:16:25 -- 0123456789ABCDEF
CHECK ALL DHT
SHED : 81.68*F 
HEATSINK : ERR*F 
SAND : ERR*F 
RESERVOIR : ERR*F 
ROOF : ERR*F 
AMBIENT : 80.06*F 
evaluateRule: invalid type... 7 3 4 
evaluateRule: invalid type... 7 2 3 
5 done rules...
counterHigh:  9 - seconds 25 / 26 - Thu 2024/10/10 18:16:26
counterHigh:  8 - seconds 26 / 27 - Thu 2024/10/10 18:16:27
counterHigh:  7 - seconds 27 / 28 - Thu 2024/10/10 18:16:28
counterHigh:  6 - seconds 28 / 29 - Thu 2024/10/10 18:16:29
counterHigh:  5 - seconds 29 / 30 - Thu 2024/10/10 18:16:30
counterHigh:  4 - seconds 30 / 31 - Thu 2024/10/10 18:16:31
counterHigh:  3 - seconds 31 / 32 - Thu 2024/10/10 18:16:32
counterHigh:  2 - seconds 32 / 32 - Thu 2024/10/10 18:16:32
Secondloop too short, increasing by 1 to 3491
counterHigh:  1 - seconds 32 / 33 - Thu 2024/10/10 18:16:33
counterHigh:  0 - seconds 33 / 34 - Thu 2024/10/10 18:16:34
LCD display : 10/10   18:16:34 -- 0123456789ABCDEF
CHECK ALL DHT
SHED : 81.68*F 
HEATSINK : ERR*F 
SAND : ERR*F 
RESERVOIR : ERR*F 
ROOF : ERR*F 
AMBIENT : 80.06*F 
evaluateRule: invalid type... 7 3 4 
evaluateRule: invalid type... 7 2 3 
5 done rules...
counterHigh:  9 - seconds 34 / 36 - Thu 2024/10/10 18:16:36
Secondloop too long, reducing by 10 to 3481
counterHigh:  8 - seconds 36 / 37 - Thu 2024/10/10 18:16:37
counterHigh:  7 - seconds 37 / 37 - Thu 2024/10/10 18:16:37
Secondloop too short, increasing by 1 to 3482
counterHigh:  6 - seconds 37 / 38 - Thu 2024/10/10 18:16:38
counterHigh:  5 - seconds 38 / 39 - Thu 2024/10/10 18:16:39
counterHigh:  4 - seconds 39 / 40 - Thu 2024/10/10 18:16:40
counterHigh:  3 - seconds 40 / 41 - Thu 2024/10/10 18:16:41
counterHigh:  2 - seconds 41 / 42 - Thu 2024/10/10 18:16:42
counterHigh:  1 - seconds 42 / 43 - Thu 2024/10/10 18:16:43
counterHigh:  0 - seconds 43 / 44 - Thu 2024/10/10 18:16:44
LCD display : 10/10   18:16:44 -- 0123456789ABCDEF
CHECK ALL DHT
SHED : 81.68*F 
HEATSINK : ERR*F 
SAND : ERR*F 
RESERVOIR : ERR*F 
ROOF : ERR*F 
AMBIENT : 80.06*F 
evaluateRule: invalid type... 7 3 4 
evaluateRule: invalid type... 7 2 3 
5 done rules...
counterHigh:  9 - seconds 44 / 45 - Thu 2024/10/10 18:16:45
counterHigh:  8 - seconds 45 / 46 - Thu 2024/10/10 18:16:46
counterHigh:  7 - seconds 46 / 47 - Thu 2024/10/10 18:16:47
counterHigh:  6 - seconds 47 / 48 - Thu 2024/10/10 18:16:48
counterHigh:  5 - seconds 48 / 48 - Thu 2024/10/10 18:16:48
Secondloop too short, increasing by 1 to 3483
counterHigh:  4 - seconds 48 / 49 - Thu 2024/10/10 18:16:49
counterHigh:  3 - seconds 49 / 50 - Thu 2024/10/10 18:16:50
counterHigh:  2 - seconds 50 / 51 - Thu 2024/10/10 18:16:51
counterHigh:  1 - seconds 51 / 52 - Thu 2024/10/10 18:16:52
counterHigh:  0 - seconds 52 / 53 - Thu 2024/10/10 18:16:53
LCD display : 10/10   18:16:53 -- 0123456789ABCDEF
CHECK ALL DHT
SHED : 81.68*F 
HEATSINK : ERR*F 
SAND : ERR*F 
RESERVOIR : ERR*F 
ROOF : ERR*F 
AMBIENT : 80.06*F 
evaluateRule: invalid type... 7 3 4 
evaluateRule: invalid type... 7 2 3 
5 done rules...
counterHigh:  9 - seconds 53 / 54 - Thu 2024/10/10 18:16:54
counterHigh:  8 - seconds 54 / 55 - Thu 2024/10/10 18:16:55
counterHigh:  7 - seconds 55 / 56 - Thu 2024/10/10 18:16:56
counterHigh:  6 - seconds 56 / 57 - Thu 2024/10/10 18:16:57
counterHigh:  5 - seconds 57 / 58 - Thu 2024/10/10 18:16:58
counterHigh:  4 - seconds 58 / 59 - Thu 2024/10/10 18:16:59
counterHigh:  3 - seconds 59 /  0 - Thu 2024/10/10 18:17:00
Secondloop on target - 3483
counterHigh:  2 - seconds  0 /  0 - Thu 2024/10/10 18:17:00
Secondloop too short, increasing by 1 to 3484
counterHigh:  1 - seconds  0 /  1 - Thu 2024/10/10 18:17:01
counterHigh:  0 - seconds  1 /  2 - Thu 2024/10/10 18:17:02
LCD display : 10/10   18:17:02 -- 0123456789ABCDEF
CHECK ALL DHT
SHED : 81.68*F 
HEATSINK : ERR*F 
SAND : ERR*F 
RESERVOIR : ERR*F 
ROOF : ERR*F 
AMBIENT : 80.06*F 
evaluateRule: invalid type... 7 3 4 
evaluateRule: invalid type... 7 2 3 
5 done rules...
counterHigh:  9 - seconds  2 /  4 - Thu 2024/10/10 18:17:04
Secondloop too long, reducing by 10 to 3474
counterHigh:  8 - seconds  4 /  4 - Thu 2024/10/10 18:17:04
Secondloop too short, increasing by 1 to 3475
counterHigh:  7 - seconds  4 /  5 - Thu 2024/10/10 18:17:05
counterHigh:  6 - seconds  5 /  6 - Thu 2024/10/10 18:17:06
counterHigh:  5 - seconds  6 /  7 - Thu 2024/10/10 18:17:07
counterHigh:  4 - seconds  7 /  8 - Thu 2024/10/10 18:17:08
counterHigh:  3 - seconds  8 /  9 - Thu 2024/10/10 18:17:09
counterHigh:  2 - seconds  9 / 10 - Thu 2024/10/10 18:17:10
counterHigh:  1 - seconds 10 / 11 - Thu 2024/10/10 18:17:11
counterHigh:  0 - seconds 11 / 12 - Thu 2024/10/10 18:17:12
LCD display : 10/10   18:17:12 -- 0123456789ABCDEF
CHECK ALL DHT
SHED : 81.68*F 
HEATSINK : ERR*F 
SAND : ERR*F 
RESERVOIR : ERR*F 
ROOF : ERR*F 
AMBIENT : 80.06*F 
evaluateRule: invalid type... 7 3 4 
evaluateRule: invalid type... 7 2 3 
5 done rules...
counterHigh:  9 - seconds 12 / 13 - Thu 2024/10/10 18:17:13
counterHigh:  8 - seconds 13 / 14 - Thu 2024/10/10 18:17:14
counterHigh:  7 - seconds 14 / 15 - Thu 2024/10/10 18:17:15
counterHigh:  6 - seconds 15 / 16 - Thu 2024/10/10 18:17:16
counterHigh:  5 - seconds 16 / 16 - Thu 2024/10/10 18:17:16
Secondloop too short, increasing by 1 to 3476
counterHigh:  4 - seconds 16 / 17 - Thu 2024/10/10 18:17:17
counterHigh:  3 - seconds 17 / 18 - Thu 2024/10/10 18:17:18
counterHigh:  2 - seconds 18 / 19 - Thu 2024/10/10 18:17:19
counterHigh:  1 - seconds 19 / 20 - Thu 2024/10/10 18:17:20
counterHigh:  0 - seconds 20 / 21 - Thu 2024/10/10 18:17:21
LCD display : 10/10   18:17:21 -- 0123456789ABCDEF
CHECK ALL DHT
SHED : 81.68*F 
HEATSINK : ERR*F 
SAND : ERR*F 
RESERVOIR : ERR*F 
ROOF : ERR*F 
AMBIENT : 80.06*F 
evaluateRule: invalid type... 7 3 4 
evaluateRule: invalid type... 7 2 3 
5 done rules...
counterHigh:  9 - seconds 21 / 22 - Thu 2024/10/10 18:17:22
counterHigh:  8 - seconds 22 / 23 - Thu 2024/10/10 18:17:23
counterHigh:  7 - seconds 23 / 24 - Thu 2024/10/10 18:17:24
counterHigh:  6 - seconds 24 / 25 - Thu 2024/10/10 18:17:25
counterHigh:  5 - seconds 25 / 26 - Thu 2024/10/10 18:17:26
counterHigh:  4 - seconds 26 / 27 - Thu 2024/10/10 18:17:27
counterHigh:  3 - seconds 27 / 27 - Thu 2024/10/10 18:17:27
Secondloop too short, increasing by 1 to 3477
counterHigh:  2 - seconds 27 / 28 - Thu 2024/10/10 18:17:28
counterHigh:  1 - seconds 28 / 29 - Thu 2024/10/10 18:17:29
counterHigh:  0 - seconds 29 / 30 - Thu 2024/10/10 18:17:30
LCD display : 10/10   18:17:30 -- 0123456789ABCDEF
CHECK ALL DHT
SHED : 81.68*F 
HEATSINK : ERR*F 
SAND : ERR*F 
RESERVOIR : ERR*F 
ROOF : ERR*F 
AMBIENT : 80.06*F 
evaluateRule: invalid type... 7 3 4 
evaluateRule: invalid type... 7 2 3 
5 done rules...
counterHigh:  9 - seconds 30 / 31 - Thu 2024/10/10 18:17:31
counterHigh:  8 - seconds 31 / 32 - Thu 2024/10/10 18:17:32
counterHigh:  7 - seconds 32 / 33 - Thu 2024/10/10 18:17:33
counterHigh:  6 - seconds 33 / 34 - Thu 2024/10/10 18:17:34
counterHigh:  5 - seconds 34 / 35 - Thu 2024/10/10 18:17:35
counterHigh:  4 - seconds 35 / 36 - Thu 2024/10/10 18:17:36
counterHigh:  3 - seconds 36 / 37 - Thu 2024/10/10 18:17:37
counterHigh:  2 - seconds 37 / 38 - Thu 2024/10/10 18:17:38
counterHigh:  1 - seconds 38 / 39 - Thu 2024/10/10 18:17:39
counterHigh:  0 - seconds 39 / 39 - Thu 2024/10/10 18:17:39
Secondloop too short, increasing by 1 to 3478
LCD display : 10/10   18:17:39 -- 0123456789ABCDEF
CHECK ALL DHT
SHED : 81.68*F 
HEATSINK : ERR*F 
SAND : ERR*F 
RESERVOIR : ERR*F 
ROOF : ERR*F 
AMBIENT : 80.06*F 
evaluateRule: invalid type... 7 3 4 
evaluateRule: invalid type... 7 2 3 
5 done rules...
counterHigh:  9 - seconds 39 / 41 - Thu 2024/10/10 18:17:41
Secondloop too long, reducing by 10 to 3468
counterHigh:  8 - seconds 41 / 42 - Thu 2024/10/10 18:17:42
counterHigh:  7 - seconds 42 / 43 - Thu 2024/10/10 18:17:43
counterHigh:  6 - seconds 43 / 43 - Thu 2024/10/10 18:17:43
Secondloop too short, increasing by 1 to 3469
