strTimeStamp: 14:26:42 
init...
init relay 0 : 12 %d %s LOOP_PUMP
drawTextScreen : line 2 - This is just a small
drawTextScreen : line 3 - test, trying to put 
drawTextScreen : line 4 - text to the OLED.   
drawTextScreen : line 5 -                     
drawTextScreen : line 6 - This is ONLY A TEST!
drawTextScreen : line 7 - ....................
drawTextScreen : line 0 - init relay 0 : 12 %d
drawTextScreen : line 1 - LOOP_PUMP
init relay 1 : 11 %d %s XFER_PUMP
drawTextScreen : line 4 - text to the OLED.   
drawTextScreen : line 5 -                     
drawTextScreen : line 6 - This is ONLY A TEST!
drawTextScreen : line 7 - ....................
drawTextScreen : line 0 - init relay 0 : 12 %d
drawTextScreen : line 1 - LOOP_PUMP
drawTextScreen : line 2 - init relay 1 : 11 %d
drawTextScreen : line 3 - XFER_PUMP
init relay 2 : 10 %d %s HEATER_FAN
drawTextScreen : line 6 - This is ONLY A TEST!
drawTextScreen : line 7 - ....................
drawTextScreen : line 0 - init relay 0 : 12 %d
drawTextScreen : line 1 - LOOP_PUMP
drawTextScreen : line 2 - init relay 1 : 11 %d
drawTextScreen : line 3 - XFER_PUMP
drawTextScreen : line 4 - init relay 2 : 10 %d
drawTextScreen : line 5 - HEATER_FAN
init relay 3 : 9 %d %s HEATER
drawTextScreen : line 0 - init relay 0 : 12 %d
drawTextScreen : line 1 - LOOP_PUMP
drawTextScreen : line 2 - init relay 1 : 11 %d
drawTextScreen : line 3 - XFER_PUMP
drawTextScreen : line 4 - init relay 2 : 10 %d
drawTextScreen : line 5 - HEATER_FAN
drawTextScreen : line 6 - init relay 3 : 9 %d 
drawTextScreen : line 7 - HEATER
init relay 4 : 8 %d %s FOOT_WARMER
drawTextScreen : line 2 - init relay 1 : 11 %d
drawTextScreen : line 3 - XFER_PUMP
drawTextScreen : line 4 - init relay 2 : 10 %d
drawTextScreen : line 5 - HEATER_FAN
drawTextScreen : line 6 - init relay 3 : 9 %d 
drawTextScreen : line 7 - HEATER
drawTextScreen : line 0 - init relay 4 : 8 %d 
drawTextScreen : line 1 - FOOT_WARMER
Done relays..
drawTextScreen : line 3 - XFER_PUMP
drawTextScreen : line 4 - init relay 2 : 10 %d
drawTextScreen : line 5 - HEATER_FAN
drawTextScreen : line 6 - init relay 3 : 9 %d 
drawTextScreen : line 7 - HEATER
drawTextScreen : line 0 - init relay 4 : 8 %d 
drawTextScreen : line 1 - FOOT_WARMER
drawTextScreen : line 2 - Done relays...
init temp 0 : 24 SHED
init temp 1 : 25 HEATSINK
init temp 2 : 26 SAND
init temp 3 : 27 RESERVOIR
init temp 4 : 28 ROOF
init temp 5 : 29 AMBIENT
init temp 6 : 30 FOOTER
drawTextScreen : line 6 - init relay 3 : 9 %d 
drawTextScreen : line 7 - HEATER
drawTextScreen : line 0 - init relay 4 : 8 %d 
drawTextScreen : line 1 - FOOT_WARMER
drawTextScreen : line 2 - Done relays...
drawTextScreen : line 3 -  
drawTextScreen : line 4 - Done DHTs...
drawTextScreen : line 5 -  
SYSTEM INIT DONE!
2024/10/16 14:26:47 - 01 1 0001/0001 :: switching mode from -1 to 0
2024/10/16 14:26:48 - 01 0 0000/0601 :: 47 / 48 - Wed (2) - secondLoops: 601
2024/10/16 14:26:52 - 00 0 0000/0600 :: 48 / 52 - Wed (2) - secondLoops: 600
CHECK ALL DHT
SHED : 81.68 F 
HEATSINK : 79.16 F 
SAND : 83.30 F 
RESERVOIR : 93.56 F 
ROOF : 108.50 F 
AMBIENT : 77.54 F 
FOOTER : 76.10 F 
DONE CHECK ALL DHT
EvaluateRule : main: roof>res - DHT_LT_TARGET_DHT - RESERVOIR : 93.56 F < ROOF : 108.50 F - switching on 0 LOOP_PUMP
EvaluateRule : xfer:  res>sand - DHT_LT_TARGET_DHT - SAND : 83.30 F < RESERVOIR : 93.56 F - switching on 1 XFER_PUMP
EvaluateRule : foot warmer - TARGET_TEMP_ON_LOW - DHT 6 FOOTER - 76.10 < 90 F - switching on 4 FOOT_WARMER
2024/10/16 14:26:52 - 00 0 0000/0600 :: 48 DONE RULES
12 done rules...
Relays: LOOP_PUMP: ON XFER_PUMP: ON HEATER_FAN: OFF HEATER: OFF FOOT_WARMER: ON  :: ~225 watts
CSV_HEADERS,time,"SHED","HEATSINK","SAND","RESERVOIR","ROOF","AMBIENT","FOOTER","LOOP_PUMP","XFER_PUMP","HEATER_FAN","HEATER","FOOT_WARMER","",
CSV_VALUES, 2024/10/16 14:26,81.68,79.16,83.30,93.56,108.50,77.54,76.10,1,1,0,0,1,,
