strTimeStamp: 18:21:58 
init...
splash screen - hit any button
drawTextScreen : line 0 - 0123456789ABCDEF0123
drawTextScreen : line 1 - --------------------
drawTextScreen : line 2 - This is just a small
drawTextScreen : line 3 - test, trying to put 
drawTextScreen : line 4 - text to the OLED.   
drawTextScreen : line 5 -                     
drawTextScreen : line 6 - This is ONLY A TEST!
drawTextScreen : line 7 - ....................
text screen test - hit any button
init relay 0 : 12 d/%02d/%02d %2d:%02d:%02d LOOP PUMP
drawTextScreen : line 2 - This is just a small
drawTextScreen : line 3 - test, trying to put 
drawTextScreen : line 4 - text to the OLED.   
drawTextScreen : line 5 -                     
drawTextScreen : line 6 - This is ONLY A TEST!
drawTextScreen : line 7 - ....................
drawTextScreen : line 0 - init relay 0 : 12 d/
drawTextScreen : line 1 - LOOP PUMP
init relay 1 : 11 d/%02d/%02d %2d:%02d:%02d XFER PUMP
drawTextScreen : line 4 - text to the OLED.   
drawTextScreen : line 5 -                     
drawTextScreen : line 6 - This is ONLY A TEST!
drawTextScreen : line 7 - ....................
drawTextScreen : line 0 - init relay 0 : 12 d/
drawTextScreen : line 1 - LOOP PUMP
drawTextScreen : line 2 - init relay 1 : 11 d/
drawTextScreen : line 3 - XFER PUMP
init relay 2 : 10 d/%02d/%02d %2d:%02d:%02d HEAT FAN
drawTextScreen : line 6 - This is ONLY A TEST!
drawTextScreen : line 7 - ....................
drawTextScreen : line 0 - init relay 0 : 12 d/
drawTextScreen : line 1 - LOOP PUMP
drawTextScreen : line 2 - init relay 1 : 11 d/
drawTextScreen : line 3 - XFER PUMP
drawTextScreen : line 4 - init relay 2 : 10 d/
drawTextScreen : line 5 - HEAT FAN
init relay 3 : 9 d/%02d/%02d %2d:%02d:%02d 12V DC HEAT
drawTextScreen : line 0 - init relay 0 : 12 d/
drawTextScreen : line 1 - LOOP PUMP
drawTextScreen : line 2 - init relay 1 : 11 d/
drawTextScreen : line 3 - XFER PUMP
drawTextScreen : line 4 - init relay 2 : 10 d/
drawTextScreen : line 5 - HEAT FAN
drawTextScreen : line 6 - init relay 3 : 9 d/%
drawTextScreen : line 7 - 12V DC HEAT
Done relays..
drawTextScreen : line 1 - LOOP PUMP
drawTextScreen : line 2 - init relay 1 : 11 d/
drawTextScreen : line 3 - XFER PUMP
drawTextScreen : line 4 - init relay 2 : 10 d/
drawTextScreen : line 5 - HEAT FAN
drawTextScreen : line 6 - init relay 3 : 9 d/%
drawTextScreen : line 7 - 12V DC HEAT
drawTextScreen : line 0 - Done relays...
init temp 0 : 12 SHED
drawTextScreen : line 3 - XFER PUMP
drawTextScreen : line 4 - init relay 2 : 10 d/
drawTextScreen : line 5 - HEAT FAN
drawTextScreen : line 6 - init relay 3 : 9 d/%
drawTextScreen : line 7 - 12V DC HEAT
drawTextScreen : line 0 - Done relays...
drawTextScreen : line 1 - init temp 0 : 12 
drawTextScreen : line 2 - SHED
80.78
drawTextScreen : line 4 - init relay 2 : 10 d/
drawTextScreen : line 5 - HEAT FAN
drawTextScreen : line 6 - init relay 3 : 9 d/%
drawTextScreen : line 7 - 12V DC HEAT
drawTextScreen : line 0 - Done relays...
drawTextScreen : line 1 - init temp 0 : 12 
drawTextScreen : line 2 - SHED
drawTextScreen : line 3 - 80.78
init temp 1 : 11 HEATSINK
drawTextScreen : line 6 - init relay 3 : 9 d/%
drawTextScreen : line 7 - 12V DC HEAT
drawTextScreen : line 0 - Done relays...
drawTextScreen : line 1 - init temp 0 : 12 
drawTextScreen : line 2 - SHED
drawTextScreen : line 3 - 80.78
drawTextScreen : line 4 - init temp 1 : 11 
drawTextScreen : line 5 - HEATSINK
ERROR!
ERR
drawTextScreen : line 7 - 12V DC HEAT
drawTextScreen : line 0 - Done relays...
drawTextScreen : line 1 - init temp 0 : 12 
drawTextScreen : line 2 - SHED
drawTextScreen : line 3 - 80.78
drawTextScreen : line 4 - init temp 1 : 11 
drawTextScreen : line 5 - HEATSINK
drawTextScreen : line 6 - ERR
init temp 2 : 10 SAND
drawTextScreen : line 1 - init temp 0 : 12 
drawTextScreen : line 2 - SHED
drawTextScreen : line 3 - 80.78
drawTextScreen : line 4 - init temp 1 : 11 
drawTextScreen : line 5 - HEATSINK
drawTextScreen : line 6 - ERR
drawTextScreen : line 7 - init temp 2 : 10 
drawTextScreen : line 0 - SAND
ERROR!
ERR
drawTextScreen : line 2 - SHED
drawTextScreen : line 3 - 80.78
drawTextScreen : line 4 - init temp 1 : 11 
drawTextScreen : line 5 - HEATSINK
drawTextScreen : line 6 - ERR
drawTextScreen : line 7 - init temp 2 : 10 
drawTextScreen : line 0 - SAND
drawTextScreen : line 1 - ERR
init temp 3 : 9 RESERVOIR
drawTextScreen : line 4 - init temp 1 : 11 
drawTextScreen : line 5 - HEATSINK
drawTextScreen : line 6 - ERR
drawTextScreen : line 7 - init temp 2 : 10 
drawTextScreen : line 0 - SAND
drawTextScreen : line 1 - ERR
drawTextScreen : line 2 - init temp 3 : 9 
drawTextScreen : line 3 - RESERVOIR
ERROR!
ERR
drawTextScreen : line 5 - HEATSINK
drawTextScreen : line 6 - ERR
drawTextScreen : line 7 - init temp 2 : 10 
drawTextScreen : line 0 - SAND
drawTextScreen : line 1 - ERR
drawTextScreen : line 2 - init temp 3 : 9 
drawTextScreen : line 3 - RESERVOIR
drawTextScreen : line 4 - ERR
init temp 4 : 78 ROOF
drawTextScreen : line 7 - init temp 2 : 10 
drawTextScreen : line 0 - SAND
drawTextScreen : line 1 - ERR
drawTextScreen : line 2 - init temp 3 : 9 
drawTextScreen : line 3 - RESERVOIR
drawTextScreen : line 4 - ERR
drawTextScreen : line 5 - init temp 4 : 78 
drawTextScreen : line 6 - ROOF
ERROR!
ERR
drawTextScreen : line 0 - SAND
drawTextScreen : line 1 - ERR
drawTextScreen : line 2 - init temp 3 : 9 
drawTextScreen : line 3 - RESERVOIR
drawTextScreen : line 4 - ERR
drawTextScreen : line 5 - init temp 4 : 78 
drawTextScreen : line 6 - ROOF
drawTextScreen : line 7 - ERR
init temp 5 : 2 AMBIENT
drawTextScreen : line 2 - init temp 3 : 9 
drawTextScreen : line 3 - RESERVOIR
drawTextScreen : line 4 - ERR
drawTextScreen : line 5 - init temp 4 : 78 
drawTextScreen : line 6 - ROOF
drawTextScreen : line 7 - ERR
drawTextScreen : line 0 - init temp 5 : 2 
drawTextScreen : line 1 - AMBIENT
79.16
drawTextScreen : line 3 - RESERVOIR
drawTextScreen : line 4 - ERR
drawTextScreen : line 5 - init temp 4 : 78 
drawTextScreen : line 6 - ROOF
drawTextScreen : line 7 - ERR
drawTextScreen : line 0 - init temp 5 : 2 
drawTextScreen : line 1 - AMBIENT
drawTextScreen : line 2 - 79.16
drawTextScreen : line 6 - ROOF
drawTextScreen : line 7 - ERR
drawTextScreen : line 0 - init temp 5 : 2 
drawTextScreen : line 1 - AMBIENT
drawTextScreen : line 2 - 79.16
drawTextScreen : line 3 -  
drawTextScreen : line 4 - Done DHTs...
drawTextScreen : line 5 -  
SYSTEM INIT DONE!
switching mode from -1 to 0
counterHigh:  0 - seconds  0 /  7 - Thu 2024/10/10 18:22:07
Secondloop too long, reducing by 10 to 3490
LCD display : 10/10   18:22:07 -- 0123456789ABCDEF
CHECK ALL DHT
SHED : 80.78*F 
HEATSINK : ERR*F 
SAND : ERR*F 
RESERVOIR : ERR*F 
ROOF : ERR*F 
AMBIENT : 79.16*F 
evaluateRule: invalid type... 7 3 4 
evaluateRule: invalid type... 7 2 3 
5 done rules...
counterHigh:  9 - seconds  7 /  9 - Thu 2024/10/10 18:22:09
Secondloop too long, reducing by 10 to 3480
counterHigh:  8 - seconds  9 /  9 - Thu 2024/10/10 18:22:09
Secondloop too short, increasing by 1 to 3481
counterHigh:  7 - seconds  9 / 10 - Thu 2024/10/10 18:22:10
counterHigh:  6 - seconds 10 / 11 - Thu 2024/10/10 18:22:11
counterHigh:  5 - seconds 11 / 12 - Thu 2024/10/10 18:22:12
counterHigh:  4 - seconds 12 / 13 - Thu 2024/10/10 18:22:13
counterHigh:  3 - seconds 13 / 14 - Thu 2024/10/10 18:22:14
counterHigh:  2 - seconds 14 / 15 - Thu 2024/10/10 18:22:15
counterHigh:  1 - seconds 15 / 16 - Thu 2024/10/10 18:22:16
counterHigh:  0 - seconds 16 / 17 - Thu 2024/10/10 18:22:17
LCD display : 10/10   18:22:17 -- 0123456789ABCDEF
CHECK ALL DHT
SHED : 80.78*F 
HEATSINK : ERR*F 
SAND : ERR*F 
RESERVOIR : ERR*F 
ROOF : ERR*F 
AMBIENT : 79.16*F 
evaluateRule: invalid type... 7 3 4 
evaluateRule: invalid type... 7 2 3 
5 done rules...
counterHigh:  9 - seconds 17 / 18 - Thu 2024/10/10 18:22:18
counterHigh:  8 - seconds 18 / 19 - Thu 2024/10/10 18:22:19
counterHigh:  7 - seconds 19 / 20 - Thu 2024/10/10 18:22:20
counterHigh:  6 - seconds 20 / 21 - Thu 2024/10/10 18:22:21
counterHigh:  5 - seconds 21 / 21 - Thu 2024/10/10 18:22:21
Secondloop too short, increasing by 1 to 3482
counterHigh:  4 - seconds 21 / 22 - Thu 2024/10/10 18:22:22
counterHigh:  3 - seconds 22 / 23 - Thu 2024/10/10 18:22:23
counterHigh:  2 - seconds 23 / 24 - Thu 2024/10/10 18:22:24
counterHigh:  1 - seconds 24 / 25 - Thu 2024/10/10 18:22:25
counterHigh:  0 - seconds 25 / 26 - Thu 2024/10/10 18:22:26
LCD display : 10/10   18:22:26 -- 0123456789ABCDEF
CHECK ALL DHT
SHED : 80.78*F 
HEATSINK : ERR*F 
SAND : ERR*F 
RESERVOIR : ERR*F 
ROOF : ERR*F 
AMBIENT : 79.16*F 
evaluateRule: invalid type... 7 3 4 
evaluateRule: invalid type... 7 2 3 
5 done rules...
counterHigh:  9 - seconds 26 / 27 - Thu 2024/10/10 18:22:27
counterHigh:  8 - seconds 27 / 28 - Thu 2024/10/10 18:22:28
counterHigh:  7 - seconds 28 / 29 - Thu 2024/10/10 18:22:29
counterHigh:  6 - seconds 29 / 30 - Thu 2024/10/10 18:22:30
counterHigh:  5 - seconds 30 / 31 - Thu 2024/10/10 18:22:31
counterHigh:  4 - seconds 31 / 32 - Thu 2024/10/10 18:22:32
counterHigh:  3 - seconds 32 / 32 - Thu 2024/10/10 18:22:32
Secondloop too short, increasing by 1 to 3483
counterHigh:  2 - seconds 32 / 33 - Thu 2024/10/10 18:22:33
counterHigh:  1 - seconds 33 / 34 - Thu 2024/10/10 18:22:34
counterHigh:  0 - seconds 34 / 35 - Thu 2024/10/10 18:22:35
LCD display : 10/10   18:22:35 -- 0123456789ABCDEF
CHECK ALL DHT
SHED : 80.78*F 
HEATSINK : ERR*F 
SAND : ERR*F 
RESERVOIR : ERR*F 
ROOF : ERR*F 
AMBIENT : 79.16*F 
evaluateRule: invalid type... 7 3 4 
evaluateRule: invalid type... 7 2 3 
5 done rules...
counterHigh:  9 - seconds 35 / 36 - Thu 2024/10/10 18:22:36
counterHigh:  8 - seconds 36 / 37 - Thu 2024/10/10 18:22:37
counterHigh:  7 - seconds 37 / 38 - Thu 2024/10/10 18:22:38
counterHigh:  6 - seconds 38 / 39 - Thu 2024/10/10 18:22:39
counterHigh:  5 - seconds 39 / 40 - Thu 2024/10/10 18:22:40
counterHigh:  4 - seconds 40 / 41 - Thu 2024/10/10 18:22:41
counterHigh:  3 - seconds 41 / 42 - Thu 2024/10/10 18:22:42
counterHigh:  2 - seconds 42 / 43 - Thu 2024/10/10 18:22:43
counterHigh:  1 - seconds 43 / 44 - Thu 2024/10/10 18:22:44
counterHigh:  0 - seconds 44 / 44 - Thu 2024/10/10 18:22:44
Secondloop too short, increasing by 1 to 3484
LCD display : 10/10   18:22:44 -- 0123456789ABCDEF
CHECK ALL DHT
SHED : 80.78*F 
HEATSINK : ERR*F 
SAND : ERR*F 
RESERVOIR : ERR*F 
ROOF : ERR*F 
AMBIENT : 79.16*F 
evaluateRule: invalid type... 7 3 4 
evaluateRule: invalid type... 7 2 3 
5 done rules...
counterHigh:  9 - seconds 44 / 46 - Thu 2024/10/10 18:22:46
Secondloop too long, reducing by 10 to 3474
counterHigh:  8 - seconds 46 / 47 - Thu 2024/10/10 18:22:47
counterHigh:  7 - seconds 47 / 48 - Thu 2024/10/10 18:22:48
counterHigh:  6 - seconds 48 / 48 - Thu 2024/10/10 18:22:48
Secondloop too short, increasing by 1 to 3475
counterHigh:  5 - seconds 48 / 49 - Thu 2024/10/10 18:22:49
counterHigh:  4 - seconds 49 / 50 - Thu 2024/10/10 18:22:50
counterHigh:  3 - seconds 50 / 51 - Thu 2024/10/10 18:22:51
counterHigh:  2 - seconds 51 / 52 - Thu 2024/10/10 18:22:52
counterHigh:  1 - seconds 52 / 53 - Thu 2024/10/10 18:22:53
counterHigh:  0 - seconds 53 / 54 - Thu 2024/10/10 18:22:54
LCD display : 10/10   18:22:54 -- 0123456789ABCDEF
CHECK ALL DHT
SHED : 80.78*F 
HEATSINK : ERR*F 
SAND : ERR*F 
RESERVOIR : ERR*F 
ROOF : ERR*F 
AMBIENT : 79.16*F 
evaluateRule: invalid type... 7 3 4 
evaluateRule: invalid type... 7 2 3 
5 done rules...
counterHigh:  9 - seconds 54 / 55 - Thu 2024/10/10 18:22:55
counterHigh:  8 - seconds 55 / 56 - Thu 2024/10/10 18:22:56
counterHigh:  7 - seconds 56 / 57 - Thu 2024/10/10 18:22:57
counterHigh:  6 - seconds 57 / 58 - Thu 2024/10/10 18:22:58
counterHigh:  5 - seconds 58 / 59 - Thu 2024/10/10 18:22:59
counterHigh:  4 - seconds 59 /  0 - Thu 2024/10/10 18:23:00
Secondloop on target - 3475
counterHigh:  3 - seconds  0 /  0 - Thu 2024/10/10 18:23:00
Secondloop too short, increasing by 1 to 3476
counterHigh:  2 - seconds  0 /  1 - Thu 2024/10/10 18:23:01
counterHigh:  1 - seconds  1 /  2 - Thu 2024/10/10 18:23:02
counterHigh:  0 - seconds  2 /  3 - Thu 2024/10/10 18:23:03
LCD display : 10/10   18:23:03 -- 0123456789ABCDEF
CHECK ALL DHT
SHED : 80.78*F 
HEATSINK : ERR*F 
SAND : ERR*F 
RESERVOIR : ERR*F 
ROOF : ERR*F 
AMBIENT : 79.16*F 
evaluateRule: invalid type... 7 3 4 
evaluateRule: invalid type... 7 2 3 
5 done rules...
counterHigh:  9 - seconds  3 /  4 - Thu 2024/10/10 18:23:04
counterHigh:  8 - seconds  4 /  5 - Thu 2024/10/10 18:23:05
counterHigh:  7 - seconds  5 /  6 - Thu 2024/10/10 18:23:06
counterHigh:  6 - seconds  6 /  7 - Thu 2024/10/10 18:23:07
counterHigh:  5 - seconds  7 /  8 - Thu 2024/10/10 18:23:08
counterHigh:  4 - seconds  8 /  9 - Thu 2024/10/10 18:23:09
counterHigh:  3 - seconds  9 / 10 - Thu 2024/10/10 18:23:10
counterHigh:  2 - seconds 10 / 11 - Thu 2024/10/10 18:23:11
counterHigh:  1 - seconds 11 / 11 - Thu 2024/10/10 18:23:11
Secondloop too short, increasing by 1 to 3477
counterHigh:  0 - seconds 11 / 12 - Thu 2024/10/10 18:23:12
LCD display : 10/10   18:23:12 -- 0123456789ABCDEF
CHECK ALL DHT
SHED : 80.78*F 
HEATSINK : ERR*F 
SAND : ERR*F 
RESERVOIR : ERR*F 
ROOF : ERR*F 
AMBIENT : 79.16*F 
evaluateRule: invalid type... 7 3 4 
evaluateRule: invalid type... 7 2 3 
5 done rules...
counterHigh:  9 - seconds 12 / 14 - Thu 2024/10/10 18:23:14
Secondloop too long, reducing by 10 to 3467
counterHigh:  8 - seconds 14 / 15 - Thu 2024/10/10 18:23:15
counterHigh:  7 - seconds 15 / 15 - Thu 2024/10/10 18:23:15
Secondloop too short, increasing by 1 to 3468
counterHigh:  6 - seconds 15 / 16 - Thu 2024/10/10 18:23:16
counterHigh:  5 - seconds 16 / 17 - Thu 2024/10/10 18:23:17
counterHigh:  4 - seconds 17 / 18 - Thu 2024/10/10 18:23:18
counterHigh:  3 - seconds 18 / 19 - Thu 2024/10/10 18:23:19
counterHigh:  2 - seconds 19 / 20 - Thu 2024/10/10 18:23:20
counterHigh:  1 - seconds 20 / 21 - Thu 2024/10/10 18:23:21
counterHigh:  0 - seconds 21 / 22 - Thu 2024/10/10 18:23:22
LCD display : 10/10   18:23:22 -- 0123456789ABCDEF
CHECK ALL DHT
SHED : 80.78*F 
HEATSINK : ERR*F 
SAND : ERR*F 
RESERVOIR : ERR*F 
ROOF : ERR*F 
AMBIENT : 79.16*F 
evaluateRule: invalid type... 7 3 4 
evaluateRule: invalid type... 7 2 3 
5 done rules...
counterHigh:  9 - seconds 22 / 23 - Thu 2024/10/10 18:23:23
counterHigh:  8 - seconds 23 / 24 - Thu 2024/10/10 18:23:24
counterHigh:  7 - seconds 24 / 25 - Thu 2024/10/10 18:23:25
counterHigh:  6 - seconds 25 / 26 - Thu 2024/10/10 18:23:26
counterHigh:  5 - seconds 26 / 27 - Thu 2024/10/10 18:23:27
counterHigh:  4 - seconds 27 / 27 - Thu 2024/10/10 18:23:27
Secondloop too short, increasing by 1 to 3469
counterHigh:  3 - seconds 27 / 28 - Thu 2024/10/10 18:23:28
counterHigh:  2 - seconds 28 / 29 - Thu 2024/10/10 18:23:29
counterHigh:  1 - seconds 29 / 30 - Thu 2024/10/10 18:23:30
counterHigh:  0 - seconds 30 / 31 - Thu 2024/10/10 18:23:31
LCD display : 10/10   18:23:31 -- 0123456789ABCDEF
CHECK ALL DHT
SHED : 80.78*F 
HEATSINK : ERR*F 
SAND : ERR*F 
RESERVOIR : ERR*F 
ROOF : ERR*F 
AMBIENT : 79.16*F 
evaluateRule: invalid type... 7 3 4 
evaluateRule: invalid type... 7 2 3 
5 done rules...
counterHigh:  9 - seconds 31 / 32 - Thu 2024/10/10 18:23:32
counterHigh:  8 - seconds 32 / 33 - Thu 2024/10/10 18:23:33
counterHigh:  7 - seconds 33 / 34 - Thu 2024/10/10 18:23:34
counterHigh:  6 - seconds 34 / 35 - Thu 2024/10/10 18:23:35
counterHigh:  5 - seconds 35 / 36 - Thu 2024/10/10 18:23:36
counterHigh:  4 - seconds 36 / 37 - Thu 2024/10/10 18:23:37
counterHigh:  3 - seconds 37 / 38 - Thu 2024/10/10 18:23:38
counterHigh:  2 - seconds 38 / 38 - Thu 2024/10/10 18:23:38
Secondloop too short, increasing by 1 to 3470
counterHigh:  1 - seconds 38 / 39 - Thu 2024/10/10 18:23:39
counterHigh:  0 - seconds 39 / 40 - Thu 2024/10/10 18:23:40
LCD display : 10/10   18:23:40 -- 0123456789ABCDEF
CHECK ALL DHT
SHED : 80.78*F 
HEATSINK : ERR*F 
SAND : ERR*F 
RESERVOIR : ERR*F 
ROOF : ERR*F 
AMBIENT : 79.16*F 
evaluateRule: invalid type... 7 3 4 
evaluateRule: invalid type... 7 2 3 
5 done rules...
counterHigh:  9 - seconds 40 / 42 - Thu 2024/10/10 18:23:42
Secondloop too long, reducing by 10 to 3460
counterHigh:  8 - seconds 42 / 42 - Thu 2024/10/10 18:23:42
Secondloop too short, increasing by 1 to 3461
counterHigh:  7 - seconds 42 / 43 - Thu 2024/10/10 18:23:43
counterHigh:  6 - seconds 43 / 44 - Thu 2024/10/10 18:23:44
counterHigh:  5 - seconds 44 / 45 - Thu 2024/10/10 18:23:45
counterHigh:  4 - seconds 45 / 46 - Thu 2024/10/10 18:23:46
counterHigh:  3 - seconds 46 / 47 - Thu 2024/10/10 18:23:47
counterHigh:  2 - seconds 47 / 48 - Thu 2024/10/10 18:23:48
counterHigh:  1 - seconds 48 / 49 - Thu 2024/10/10 18:23:49
counterHigh:  0 - seconds 49 / 50 - Thu 2024/10/10 18:23:50
LCD display : 10/10   18:23:50 -- 0123456789ABCDEF
CHECK ALL DHT
SHED : 80.78*F 
HEATSINK : ERR*F 
SAND : ERR*F 
RESERVOIR : ERR*F 
ROOF : ERR*F 
AMBIENT : 79.16*F 
evaluateRule: invalid type... 7 3 4 
evaluateRule: invalid type... 7 2 3 
5 done rules...
counterHigh:  9 - seconds 50 / 51 - Thu 2024/10/10 18:23:51
counterHigh:  8 - seconds 51 / 52 - Thu 2024/10/10 18:23:52
counterHigh:  7 - seconds 52 / 53 - Thu 2024/10/10 18:23:53
counterHigh:  6 - seconds 53 / 54 - Thu 2024/10/10 18:23:54
counterHigh:  5 - seconds 54 / 54 - Thu 2024/10/10 18:23:54
Secondloop too short, increasing by 1 to 3462
counterHigh:  4 - seconds 54 / 55 - Thu 2024/10/10 18:23:55
counterHigh:  3 - seconds 55 / 56 - Thu 2024/10/10 18:23:56
counterHigh:  2 - seconds 56 / 57 - Thu 2024/10/10 18:23:57
counterHigh:  1 - seconds 57 / 58 - Thu 2024/10/10 18:23:58
counterHigh:  0 - seconds 58 / 59 - Thu 2024/10/10 18:23:59
LCD display : 10/10   18:23:59 -- 0123456789ABCDEF
CHECK ALL DHT
SHED : 80.78*F 
HEATSINK : ERR*F 
SAND : ERR*F 
RESERVOIR : ERR*F 
ROOF : ERR*F 
AMBIENT : 79.16*F 
evaluateRule: invalid type... 7 3 4 
evaluateRule: invalid type... 7 2 3 
5 done rules...
counterHigh:  9 - seconds 59 /  0 - Thu 2024/10/10 18:24:00
Secondloop on target - 3462
counterHigh:  8 - seconds  0 /  1 - Thu 2024/10/10 18:24:01
counterHigh:  7 - seconds  1 /  2 - Thu 2024/10/10 18:24:02
counterHigh:  6 - seconds  2 /  3 - Thu 2024/10/10 18:24:03
counterHigh:  5 - seconds  3 /  4 - Thu 2024/10/10 18:24:04
counterHigh:  4 - seconds  4 /  5 - Thu 2024/10/10 18:24:05
counterHigh:  3 - seconds  5 /  5 - Thu 2024/10/10 18:24:05
Secondloop too short, increasing by 1 to 3463
counterHigh:  2 - seconds  5 /  6 - Thu 2024/10/10 18:24:06
counterHigh:  1 - seconds  6 /  7 - Thu 2024/10/10 18:24:07
counterHigh:  0 - seconds  7 /  8 - Thu 2024/10/10 18:24:08
LCD display : 10/10   18:24:08 -- 0123456789ABCDEF
CHECK ALL DHT
SHED : 80.78*F 
HEATSINK : ERR*F 
SAND : ERR*F 
RESERVOIR : ERR*F 
ROOF : ERR*F 
AMBIENT : 79.16*F 
evaluateRule: invalid type... 7 3 4 
evaluateRule: invalid type... 7 2 3 
5 done rules...
counterHigh:  9 - seconds  8 /  9 - Thu 2024/10/10 18:24:09
counterHigh:  8 - seconds  9 / 10 - Thu 2024/10/10 18:24:10
counterHigh:  7 - seconds 10 / 11 - Thu 2024/10/10 18:24:11
counterHigh:  6 - seconds 11 / 12 - Thu 2024/10/10 18:24:12
counterHigh:  5 - seconds 12 / 13 - Thu 2024/10/10 18:24:13
counterHigh:  4 - seconds 13 / 14 - Thu 2024/10/10 18:24:14
counterHigh:  3 - seconds 14 / 15 - Thu 2024/10/10 18:24:15
counterHigh:  2 - seconds 15 / 16 - Thu 2024/10/10 18:24:16
counterHigh:  1 - seconds 16 / 17 - Thu 2024/10/10 18:24:17
counterHigh:  0 - seconds 17 / 17 - Thu 2024/10/10 18:24:17
Secondloop too short, increasing by 1 to 3464
LCD display : 10/10   18:24:17 -- 0123456789ABCDEF
CHECK ALL DHT
SHED : 80.78*F 
HEATSINK : ERR*F 
SAND : ERR*F 
RESERVOIR : ERR*F 
ROOF : ERR*F 
AMBIENT : 79.16*F 
evaluateRule: invalid type... 7 3 4 
evaluateRule: invalid type... 7 2 3 
5 done rules...
counterHigh:  9 - seconds 17 / 19 - Thu 2024/10/10 18:24:19
Secondloop too long, reducing by 10 to 3454
counterHigh:  8 - seconds 19 / 20 - Thu 2024/10/10 18:24:20
counterHigh:  7 - seconds 20 / 21 - Thu 2024/10/10 18:24:21
counterHigh:  6 - seconds 21 / 21 - Thu 2024/10/10 18:24:21
Secondloop too short, increasing by 1 to 3455
counterHigh:  5 - seconds 21 / 22 - Thu 2024/10/10 18:24:22
counterHigh:  4 - seconds 22 / 23 - Thu 2024/10/10 18:24:23
counterHigh:  3 - seconds 23 / 24 - Thu 2024/10/10 18:24:24
counterHigh:  2 - seconds 24 / 25 - Thu 2024/10/10 18:24:25
counterHigh:  1 - seconds 25 / 26 - Thu 2024/10/10 18:24:26
counterHigh:  0 - seconds 26 / 27 - Thu 2024/10/10 18:24:27
LCD display : 10/10   18:24:27 -- 0123456789ABCDEF
CHECK ALL DHT
SHED : 80.78*F 
HEATSINK : ERR*F 
SAND : ERR*F 
RESERVOIR : ERR*F 
ROOF : ERR*F 
AMBIENT : 79.16*F 
evaluateRule: invalid type... 7 3 4 
evaluateRule: invalid type... 7 2 3 
5 done rules...
counterHigh:  9 - seconds 27 / 28 - Thu 2024/10/10 18:24:28
counterHigh:  8 - seconds 28 / 29 - Thu 2024/10/10 18:24:29
counterHigh:  7 - seconds 29 / 30 - Thu 2024/10/10 18:24:30
counterHigh:  6 - seconds 30 / 31 - Thu 2024/10/10 18:24:31
counterHigh:  5 - seconds 31 / 32 - Thu 2024/10/10 18:24:32
counterHigh:  4 - seconds 32 / 32 - Thu 2024/10/10 18:24:32
Secondloop too short, increasing by 1 to 3456
counterHigh:  3 - seconds 32 / 33 - Thu 2024/10/10 18:24:33
counterHigh:  2 - seconds 33 / 34 - Thu 2024/10/10 18:24:34
counterHigh:  1 - seconds 34 / 35 - Thu 2024/10/10 18:24:35
counterHigh:  0 - seconds 35 / 36 - Thu 2024/10/10 18:24:36
LCD display : 10/10   18:24:36 -- 0123456789ABCDEF
CHECK ALL DHT
SHED : 80.78*F 
HEATSINK : ERR*F 
SAND : ERR*F 
RESERVOIR : ERR*F 
ROOF : ERR*F 
AMBIENT : 79.16*F 
evaluateRule: invalid type... 7 3 4 
evaluateRule: invalid type... 7 2 3 
5 done rules...
counterHigh:  9 - seconds 36 / 37 - Thu 2024/10/10 18:24:37
counterHigh:  8 - seconds 37 / 38 - Thu 2024/10/10 18:24:38
counterHigh:  7 - seconds 38 / 39 - Thu 2024/10/10 18:24:39
counterHigh:  6 - seconds 39 / 40 - Thu 2024/10/10 18:24:40
counterHigh:  5 - seconds 40 / 41 - Thu 2024/10/10 18:24:41
counterHigh:  4 - seconds 41 / 42 - Thu 2024/10/10 18:24:42
counterHigh:  3 - seconds 42 / 43 - Thu 2024/10/10 18:24:43
counterHigh:  2 - seconds 43 / 43 - Thu 2024/10/10 18:24:43
Secondloop too short, increasing by 1 to 3457
counterHigh:  1 - seconds 43 / 44 - Thu 2024/10/10 18:24:44
counterHigh:  0 - seconds 44 / 45 - Thu 2024/10/10 18:24:45
LCD display : 10/10   18:24:45 -- 0123456789ABCDEF
CHECK ALL DHT
SHED : 80.78*F 
HEATSINK : ERR*F 
SAND : ERR*F 
RESERVOIR : ERR*F 
ROOF : ERR*F 
AMBIENT : 79.16*F 
evaluateRule: invalid type... 7 3 4 
evaluateRule: invalid type... 7 2 3 
5 done rules...
counterHigh:  9 - seconds 45 / 47 - Thu 2024/10/10 18:24:47
Secondloop too long, reducing by 10 to 3447
counterHigh:  8 - seconds 47 / 47 - Thu 2024/10/10 18:24:47
Secondloop too short, increasing by 1 to 3448
counterHigh:  7 - seconds 47 / 48 - Thu 2024/10/10 18:24:48
counterHigh:  6 - seconds 48 / 49 - Thu 2024/10/10 18:24:49
counterHigh:  5 - seconds 49 / 50 - Thu 2024/10/10 18:24:50
counterHigh:  4 - seconds 50 / 51 - Thu 2024/10/10 18:24:51
counterHigh:  3 - seconds 51 / 52 - Thu 2024/10/10 18:24:52
counterHigh:  2 - seconds 52 / 53 - Thu 2024/10/10 18:24:53
counterHigh:  1 - seconds 53 / 54 - Thu 2024/10/10 18:24:54
counterHigh:  0 - seconds 54 / 55 - Thu 2024/10/10 18:24:55
LCD display : 10/10   18:24:55 -- 0123456789ABCDEF
CHECK ALL DHT
SHED : 80.78*F 
HEATSINK : ERR*F 
SAND : ERR*F 
RESERVOIR : ERR*F 
ROOF : ERR*F 
AMBIENT : 79.16*F 
evaluateRule: invalid type... 7 3 4 
evaluateRule: invalid type... 7 2 3 
5 done rules...
counterHigh:  9 - seconds 55 / 56 - Thu 2024/10/10 18:24:56
counterHigh:  8 - seconds 56 / 57 - Thu 2024/10/10 18:24:57
counterHigh:  7 - seconds 57 / 58 - Thu 2024/10/10 18:24:58
counterHigh:  6 - seconds 58 / 58 - Thu 2024/10/10 18:24:58
Secondloop too short, increasing by 1 to 3449
counterHigh:  5 - seconds 58 / 59 - Thu 2024/10/10 18:24:59
counterHigh:  4 - seconds 59 /  0 - Thu 2024/10/10 18:25:00
Secondloop on target - 3449
counterHigh:  3 - seconds  0 /  1 - Thu 2024/10/10 18:25:01
counterHigh:  2 - seconds  1 /  2 - Thu 2024/10/10 18:25:02
counterHigh:  1 - seconds  2 /  3 - Thu 2024/10/10 18:25:03
counterHigh:  0 - seconds  3 /  4 - Thu 2024/10/10 18:25:04
LCD display : 10/10   18:25:04 -- 0123456789ABCDEF
