2024/10/16 14:24:42 - 05 0 0000/0762 :: 37 / 42 - Wed (2) - secondLoops: 762
2024/10/16 14:24:47 - 04 0 0000/0761 :: 42 / 47 - Wed (2) - secondLoops: 761
2024/10/16 14:24:53 - 03 0 0000/0760 :: 47 / 53 - Wed (2) - secondLoops: 760
2024/10/16 14:24:58 - 02 0 0000/0759 :: 53 / 58 - Wed (2) - secondLoops: 759
2024/10/16 14:25:03 - 01 0 0000/0759 :: 254 /  3 - Wed (2) - secondLoops: 759
2024/10/16 14:25:08 - 00 0 0000/0758 ::  3 /  8 - Wed (2) - secondLoops: 758
CHECK ALL DHT
SHED : 80.96 F 
HEATSINK : 79.16 F 
SAND : 83.30 F 
RESERVOIR : 92.84 F 
ROOF : 108.50 F 
AMBIENT : 77.54 F 
FOOTER : 76.10 F 
DONE CHECK ALL DHT
2024/10/16 14:25:08 - 00 0 0000/0758 :: 3 DONE RULES
12 done rules...
Relays: LOOP_PUMP: ON XFER_PUMP: ON HEATER_FAN: OFF HEATER: OFF FOOT_WARMER: ON  :: ~225 watts
CSV_HEADERS,time,"SHED","HEATSINK","SAND","RESERVOIR","ROOF","AMBIENT","FOOTER","LOOP_PUMP","XFER_PUMP","HEATER_FAN","HEATER","FOOT_WARMER","",
CSV_VALUES, 2024/10/16 14:25,80.96,79.16,83.30,92.84,108.50,77.54,76.10,1,1,0,0,1,,
2024/10/16 14:25:13 - 09 0 0000/0757 ::  8 / 13 - Wed (2) - secondLoops: 757
2024/10/16 14:25:18 - 08 0 0000/0756 :: 13 / 18 - Wed (2) - secondLoops: 756
2024/10/16 14:25:23 - 07 0 0000/0755 :: 18 / 23 - Wed (2) - secondLoops: 755
2024/10/16 14:25:29 - 06 0 0000/0754 :: 23 / 29 - Wed (2) - secondLoops: 754
2024/10/16 14:25:34 - 05 0 0000/0753 :: 29 / 34 - Wed (2) - secondLoops: 753
2024/10/16 14:25:39 - 04 0 0000/0752 :: 34 / 39 - Wed (2) - secondLoops: 752
2024/10/16 14:25:44 - 03 0 0000/0751 :: 39 / 44 - Wed (2) - secondLoops: 751
2024/10/16 14:25:49 - 02 0 0000/0750 :: 44 / 49 - Wed (2) - secondLoops: 750
2024/10/16 14:25:54 - 01 0 0000/0749 :: 49 / 54 - Wed (2) - secondLoops: 749
2024/10/16 14:25:59 - 00 0 0000/0748 :: 54 / 59 - Wed (2) - secondLoops: 748
CHECK ALL DHT
SHED : 81.14 F 
HEATSINK : 79.16 F 
SAND : 83.30 F 
RESERVOIR : 92.84 F 
ROOF : 108.50 F 
AMBIENT : 77.54 F 
FOOTER : 76.10 F 
