tstrTimeStamp: 19:03:33 
init...
splash screen - hit any button
drawTextScreen : line 0 - 0123456789ABCDEF0123
drawTextScreen : line 1 - --------------------
drawTextScreen : line 2 - This is just a small
drawTextScreen : line 3 - test, trying to put 
drawTextScreen : line 4 - text to the OLED.   
drawTextScreen : line 5 -                     
drawTextScreen : line 6 - This is ONLY A TEST!
drawTextScreen : line 7 - ....................
text screen test - hit any button
init relay 0 : 12 d/%02d/%02d %2d:%02d:%02d LOOP PUMP
drawTextScreen : line 2 - This is just a small
drawTextScreen : line 3 - test, trying to put 
drawTextScreen : line 4 - text to the OLED.   
drawTextScreen : line 5 -                     
drawTextScreen : line 6 - This is ONLY A TEST!
drawTextScreen : line 7 - ....................
drawTextScreen : line 0 - init relay 0 : 12 d/
drawTextScreen : line 1 - LOOP PUMP
init relay 1 : 11 d/%02d/%02d %2d:%02d:%02d XFER PUMP
drawTextScreen : line 4 - text to the OLED.   
drawTextScreen : line 5 -                     
drawTextScreen : line 6 - This is ONLY A TEST!
drawTextScreen : line 7 - ....................
drawTextScreen : line 0 - init relay 0 : 12 d/
drawTextScreen : line 1 - LOOP PUMP
drawTextScreen : line 2 - init relay 1 : 11 d/
drawTextScreen : line 3 - XFER PUMP
init relay 2 : 10 d/%02d/%02d %2d:%02d:%02d HEAT FAN
drawTextScreen : line 6 - This is ONLY A TEST!
drawTextScreen : line 7 - ....................
drawTextScreen : line 0 - init relay 0 : 12 d/
drawTextScreen : line 1 - LOOP PUMP
drawTextScreen : line 2 - init relay 1 : 11 d/
drawTextScreen : line 3 - XFER PUMP
drawTextScreen : line 4 - init relay 2 : 10 d/
drawTextScreen : line 5 - HEAT FAN
init relay 3 : 9 d/%02d/%02d %2d:%02d:%02d 12V DC HEAT
drawTextScreen : line 0 - init relay 0 : 12 d/
drawTextScreen : line 1 - LOOP PUMP
drawTextScreen : line 2 - init relay 1 : 11 d/
drawTextScreen : line 3 - XFER PUMP
drawTextScreen : line 4 - init relay 2 : 10 d/
drawTextScreen : line 5 - HEAT FAN
drawTextScreen : line 6 - init relay 3 : 9 d/%
drawTextScreen : line 7 - 12V DC HEAT
Done relays..
drawTextScreen : line 1 - LOOP PUMP
drawTextScreen : line 2 - init relay 1 : 11 d/
drawTextScreen : line 3 - XFER PUMP
drawTextScreen : line 4 - init relay 2 : 10 d/
drawTextScreen : line 5 - HEAT FAN
drawTextScreen : line 6 - init relay 3 : 9 d/%
drawTextScreen : line 7 - 12V DC HEAT
drawTextScreen : line 0 - Done relays...
init temp 0 : 12 SHED
drawTextScreen : line 3 - XFER PUMP
drawTextScreen : line 4 - init relay 2 : 10 d/
drawTextScreen : line 5 - HEAT FAN
drawTextScreen : line 6 - init relay 3 : 9 d/%
drawTextScreen : line 7 - 12V DC HEAT
drawTextScreen : line 0 - Done relays...
drawTextScreen : line 1 - init temp 0 : 12 
drawTextScreen : line 2 - SHED
73.40
drawTextScreen : line 4 - init relay 2 : 10 d/
drawTextScreen : line 5 - HEAT FAN
drawTextScreen : line 6 - init relay 3 : 9 d/%
drawTextScreen : line 7 - 12V DC HEAT
drawTextScreen : line 0 - Done relays...
drawTextScreen : line 1 - init temp 0 : 12 
drawTextScreen : line 2 - SHED
drawTextScreen : line 3 - 73.40
init temp 1 : 11 HEATSINK
drawTextScreen : line 6 - init relay 3 : 9 d/%
drawTextScreen : line 7 - 12V DC HEAT
drawTextScreen : line 0 - Done relays...
drawTextScreen : line 1 - init temp 0 : 12 
drawTextScreen : line 2 - SHED
drawTextScreen : line 3 - 73.40
drawTextScreen : line 4 - init temp 1 : 11 
drawTextScreen : line 5 - HEATSINK
ERROR!
ERR
drawTextScreen : line 7 - 12V DC HEAT
drawTextScreen : line 0 - Done relays...
drawTextScreen : line 1 - init temp 0 : 12 
drawTextScreen : line 2 - SHED
drawTextScreen : line 3 - 73.40
drawTextScreen : line 4 - init temp 1 : 11 
drawTextScreen : line 5 - HEATSINK
drawTextScreen : line 6 - ERR
init temp 2 : 10 SAND
drawTextScreen : line 1 - init temp 0 : 12 
drawTextScreen : line 2 - SHED
drawTextScreen : line 3 - 73.40
drawTextScreen : line 4 - init temp 1 : 11  to 3490
LCD display : 10/12   19:03:43 -- 0123456789ABCDEF
CHECK ALL DHT
S0/12 19:03:43
Secondloop too long, reducing by 10 to 3490
LCD display : 10/12   19:03:43 -- 0123456789ABCDEF
CHECK ALL DHT
SHED : 72.68*F 
HEATSINK : ERR*F 
SAND : ERR*F 
RESERVOIR : 69.08*F 
ROOF : 68.36*F 
AMBIENT : 73.40*F 
evaluateRule: invalid type... 7 3 4 
evaluateRule: invalid type... 7 2 3 
5 done rules...
counterHigh:  9 - seconds 43 / 44 - Sat 2024/10/12 19:03:44
counterHigh:  8 - seconds 44 / 45 - Sat 2024/10/12 19:03:45
counterHigh:  7 - seconds 45 / 46 - Sat 2024/10/12 19:03:46
counterHigh:  6 - seconds 46 / 47 - Sat 2024/10/12 19:03:47
counterHigh:  5 - seconds 47 / 48 - Sat 2024/10/12 19:03:48
counterHigh:  4 - seconds 48 / 49 - Sat 2024/10/12 19:03:49
counterHigh:  3 - seconds 49 / 49 - Sat 2024/10/12 19:03:49
Secondloop too short, increasing by 1 to 3491
counterHigh:  2 - seconds 49 / 50 - Sat 2024/10/12 19:03:50
counterHigh:  1 - seconds 50 / 51 - Sat 2024/10/12 19:03:51
counterHigh:  0 - seconds 51 / 52 - Sat 2024/10/12 19:03:52
LCD display : 10/12   19:03:52 -- 0123456789ABCDEF
CHECK ALL DHT
SHED : 72.68*F 
HEATSINK : ERR*F 
SAND : ERR*F 
RESERVOIR : 69.08*F 
ROOF : 68.36*F 
AMBIENT : 73.40*F 
evaluateRule: invalid type... 7 3 4 
evaluateRule: invalid type... 7 2 3 
5 done rules...
counterHigh:  9 - seconds 52 / 53 - Sat 2024/10/12 19:03:53
counterHigh:  8 - seconds 53 / 54 - Sat 2024/10/12 19:03:54
counterHigh:  7 - seconds 54 / 55 - Sat 2024/10/12 19:03:55
counterHigh:  6 - seconds 55 / 56 - Sat 2024/10/12 19:03:56
counterHigh:  5 - seconds 56 / 57 - Sat 2024/10/12 19:03:57
counterHigh:  4 - seconds 57 / 58 - Sat 2024/10/12 19:03:58
counterHigh:  3 - seconds 58 / 59 - Sat 2024/10/12 19:03:59
counterHigh:  2 - seconds 59 /  0 - Sat 2024/10/12 19:04:00
Secondloop on target - 3491
counterHigh:  1 - seconds  0 /  0 - Sat 2024/10/12 19:04:00
Secondloop too short, increasing by 1 to 3492
counterHigh:  0 - seconds  0 /  1 - Sat 2024/10/12 19:04:01
LCD display : 10/12   19:04:01 -- 0123456789ABCDEF
CHECK ALL DHT
SHED : 72.68*F 
HEATSINK : ERR*F 
SAND : ERR*F 
RESERVOIR : 69.08*F 
ROOF : 68.36*F 
AMBIENT : 73.40*F 
evaluateRule: invalid type... 7 3 4 
evaluateRule: invalid type... 7 2 3 
5 done rules...
counterHigh:  9 - seconds  1 /  3 - Sat 2024/10/12 19:04:03
Secondloop too long, reducing by 10 to 3482
counterHigh:  8 - seconds  3 /  4 - Sat 2024/10/12 19:04:04
counterHigh:  7 - seconds  4 /  4 - Sat 2024/10/12 19:04:04
Secondloop too short, increasing by 1 to 3483
counterHigh:  6 - seconds  4 /  5 - Sat 2024/10/12 19:04:05
counterHigh:  5 - seconds  5 /  6 - Sat 2024/10/12 19:04:06
counterHigh:  4 - seconds  6 /  7 - Sat 2024/10/12 19:04:07
counterHigh:  3 - seconds  7 /  8 - Sat 2024/10/12 19:04:08
counterHigh:  2 - seconds  8 /  9 - Sat 2024/10/12 19:04:09
counterHigh:  1 - seconds  9 / 10 - Sat 2024/10/12 19:04:10
counterHigh:  0 - seconds 10 / 11 - Sat 2024/10/12 19:04:11
LCD display : 10/12   19:04:11 -- 0123456789ABCDEF
CHECK ALL DHT
SHED : 72.68*F 
HEATSINK : ERR*F 
SAND : ERR*F 
RESERVOIR : 68.36*F 
ROOF : 68.36*F 
AMBIENT : 73.40*F 
evaluateRule: invalid type... 7 3 4 
evaluateRule: invalid type... 7 2 3 
5 done rules...
counterHigh:  9 - seconds 11 / 12 - Sat 2024/10/12 19:04:12
counterHigh:  8 - seconds 12 / 13 - Sat 2024/10/12 19:04:13
counterHigh:  7 - seconds 13 / 14 - Sat 2024/10/12 19:04:14
counterHigh:  6 - seconds 14 / 15 - Sat 2024/10/12 19:04:15
counterHigh:  5 - seconds 15 / 15 - Sat 2024/10/12 19:04:15
Secondloop too short, increasing by 1 to 3484
counterHigh:  4 - seconds 15 / 16 - Sat 2024/10/12 19:04:16
counterHigh:  3 - seconds 16 / 17 - Sat 2024/10/12 19:04:17
counterHigh:  2 - seconds 17 / 18 - Sat 2024/10/12 19:04:18
counterHigh:  1 - seconds 18 / 19 - Sat 2024/10/12 19:04:19
counterHigh:  0 - seconds 19 / 20 - Sat 2024/10/12 19:04:20
LCD display : 10/12   19:04:20 -- 0123456789ABCDEF
CHECK ALL DHT
SHED : 72.68*F 
HEATSINK : ERR*F 
SAND : ERR*F 
RESERVOIR : 68.36*F 
ROOF : 68.36*F 
AMBIENT : 73.40*F 
evaluateRule: invalid type... 7 3 4 
evaluateRule: invalid type... 7 2 3 
5 done rules...
counterHigh:  9 - seconds 20 / 21 - Sat 2024/10/12 19:04:21
counterHigh:  8 - seconds 21 / 22 - Sat 2024/10/12 19:04:22
counterHigh:  7 - seconds 22 / 23 - Sat 2024/10/12 19:04:23
counterHigh:  6 - seconds 23 / 24 - Sat 2024/10/12 19:04:24
counterHigh:  5 - seconds 24 / 25 - Sat 2024/10/12 19:04:25
counterHigh:  4 - seconds 25 / 26 - Sat 2024/10/12 19:04:26
counterHigh:  3 - seconds 26 / 26 - Sat 2024/10/12 19:04:26
Secondloop too short, increasing by 1 to 3485
counterHigh:  2 - seconds 26 / 27 - Sat 2024/10/12 19:04:27
counterHigh:  1 - seconds 27 / 28 - Sat 2024/10/12 19:04:28
counterHigh:  0 - seconds 28 / 29 - Sat 2024/10/12 19:04:29
LCD display : 10/12   19:04:29 -- 0123456789ABCDEF
CHECK ALL DHT
SHED : 72.68*F 
HEATSINK : ERR*F 
SAND : ERR*F 
RESERVOIR : 68.36*F 
ROOF : 68.36*F 
AMBIENT : 73.40*F 
evaluateRule: invalid type... 7 3 4 
evaluateRule: invalid type... 7 2 3 
5 done rules...
counterHigh:  9 - seconds 29 / 30 - Sat 2024/10/12 19:04:30
counterHigh:  8 - seconds 30 / 31 - Sat 2024/10/12 19:04:31
counterHigh:  7 - seconds 31 / 32 - Sat 2024/10/12 19:04:32
counterHigh:  6 - seconds 32 / 33 - Sat 2024/10/12 19:04:33
counterHigh:  5 - seconds 33 / 34 - Sat 2024/10/12 19:04:34
counterHigh:  4 - seconds 34 / 35 - Sat 2024/10/12 19:04:35
counterHigh:  3 - seconds 35 / 36 - Sat 2024/10/12 19:04:36
counterHigh:  2 - seconds 36 / 37 - Sat 2024/10/12 19:04:37
counterHigh:  1 - seconds 37 / 37 - Sat 2024/10/12 19:04:37
Secondloop too short, increasing by 1 to 3486
counterHigh:  0 - seconds 37 / 38 - Sat 2024/10/12 19:04:38
LCD display : 10/12   19:04:38 -- 0123456789ABCDEF
CHECK ALL DHT
SHED : 72.68*F 
HEATSINK : ERR*F 
SAND : ERR*F 
RESERVOIR : 68.54*F 
ROOF : 68.36*F 
AMBIENT : 73.40*F 
evaluateRule: invalid type... 7 3 4 
evaluateRule: invalid type... 7 2 3 
5 done rules...
counterHigh:  9 - seconds 38 / 40 - Sat 2024/10/12 19:04:40
Secondloop too long, reducing by 10 to 3476
counterHigh:  8 - seconds 40 / 40 - Sat 2024/10/12 19:04:40
Secondloop too short, increasing by 1 to 3477
counterHigh:  7 - seconds 40 / 41 - Sat 2024/10/12 19:04:41
counterHigh:  6 - seconds 41 / 42 - Sat 2024/10/12 19:04:42
counterHigh:  5 - seconds 42 / 43 - Sat 2024/10/12 19:04:43
