strTimeStamp: 17:50:42 
init...
splash screen - hit any button
drawTextScreen : line 0 - 0123456789ABCDEF0123
drawTextScreen : line 1 - --------------------
drawTextScreen : line 2 - This is just a small
drawTextScreen : line 3 - test, trying to put 
drawTextScreen : line 4 - text to the OLED.   
drawTextScreen : line 5 -                     
drawTextScreen : line 6 - This is ONLY A TEST!
drawTextScreen : line 7 - ....................
text screen test - hit any button
init relay 0 : 12 d/%02d/%02d %2d:%02d:%02d LOOP PUMP
drawTextScreen : line 2 - This is just a small
drawTextScreen : line 3 - test, trying to put 
drawTextScreen : line 4 - text to the OLED.   
drawTextScreen : line 5 -                     
drawTextScreen : line 6 - This is ONLY A TEST!
drawTextScreen : line 7 - ....................
drawTextScreen : line 0 - init relay 0 : 12 d/
drawTextScreen : line 1 - LOOP PUMP
init relay 1 : 11 d/%02d/%02d %2d:%02d:%02d XFER PUMP
drawTextScreen : line 4 - text to the OLED.   
drawTextScreen : line 5 -                     
drawTextScreen : line 6 - This is ONLY A TEST!
drawTextScreen : line 7 - ....................
drawTextScreen : line 0 - init relay 0 : 12 d/
drawTextScreen : line 1 - LOOP PUMP
drawTextScreen : line 2 - init relay 1 : 11 d/
drawTextScreen : line 3 - XFER PUMP
init relay 2 : 10 d/%02d/%02d %2d:%02d:%02d HEAT FAN
drawTextScreen : line 6 - This is ONLY A TEST!
drawTextScreen : line 7 - ....................
drawTextScreen : line 0 - init relay 0 : 12 d/
drawTextScreen : line 1 - LOOP PUMP
drawTextScreen : line 2 - init relay 1 : 11 d/
drawTextScreen : line 3 - XFER PUMP
drawTextScreen : line 4 - init relay 2 : 10 d/
drawTextScreen : line 5 - HEAT FAN
init relay 3 : 9 d/%02d/%02d %2d:%02d:%02d 12V DC HEAT
drawTextScreen : line 0 - init relay 0 : 12 d/
drawTextScreen : line 1 - LOOP PUMP
drawTextScreen : line 2 - init relay 1 : 11 d/
drawTextScreen : line 3 - XFER PUMP
drawTextScreen : line 4 - init relay 2 : 10 d/
drawTextScreen : line 5 - HEAT FAN
drawTextScreen : line 6 - init relay 3 : 9 d/%
drawTextScreen : line 7 - 12V DC HEAT
Done relays..
drawTextScreen : line 1 - LOOP PUMP
drawTextScreen : line 2 - init relay 1 : 11 d/
drawTextScreen : line 3 - XFER PUMP
drawTextScreen : line 4 - init relay 2 : 10 d/
drawTextScreen : line 5 - HEAT FAN
drawTextScreen : line 6 - init relay 3 : 9 d/%
drawTextScreen : line 7 - 12V DC HEAT
drawTextScreen : line 0 - Done relays...
init temp 0 : 12 SHED
drawTextScreen : line 3 - XFER PUMP
drawTextScreen : line 4 - init relay 2 : 10 d/
drawTextScreen : line 5 - HEAT FAN
drawTextScreen : line 6 - init relay 3 : 9 d/%
drawTextScreen : line 7 - 12V DC HEAT
drawTextScreen : line 0 - Done relays...
drawTextScreen : line 1 - init temp 0 : 12 
drawTextScreen : line 2 - SHED
84.02
drawTextScreen : line 4 - init relay 2 : 10 d/
drawTextScreen : line 5 - HEAT FAN
drawTextScreen : line 6 - init relay 3 : 9 d/%
drawTextScreen : line 7 - 12V DC HEAT
drawTextScreen : line 0 - Done relays...
drawTextScreen : line 1 - init temp 0 : 12 
drawTextScreen : line 2 - SHED
drawTextScreen : line 3 - 84.02
init temp 1 : 11 HEATSINK
drawTextScreen : line 6 - init relay 3 : 9 d/%
drawTextScreen : line 7 - 12V DC HEAT
drawTextScreen : line 0 - Done relays...
drawTextScreen : line 1 - init temp 0 : 12 
drawTextScreen : line 2 - SHED
drawTextScreen : line 3 - 84.02
drawTextScreen : line 4 - init temp 1 : 11 
drawTextScreen : line 5 - HEATSINK
ERROR!
ERR
drawTextScreen : line 7 - 12V DC HEAT
drawTextScreen : line 0 - Done relays...
drawTextScreen : line 1 - init temp 0 : 12 
drawTextScreen : line 2 - SHED
drawTextScreen : line 3 - 84.02
drawTextScreen : line 4 - init temp 1 : 11 
drawTextScreen : line 5 - HEATSINK
drawTextScreen : line 6 - ERR
init temp 2 : 10 SAND
drawTextScreen : line 1 - init temp 0 : 12 
drawTextScreen : line 2 - SHED
drawTextScreen : line 3 - 84.02
drawTextScreen : line 4 - init temp 1 : 11 
drawTextScreen : line 5 - HEATSINK
drawTextScreen : line 6 - ERR
drawTextScreen : line 7 - init temp 2 : 10 
drawTextScreen : line 0 - SAND
ERROR!
ERR
drawTextScreen : line 2 - SHED
drawTextScreen : line 3 - 84.02
drawTextScreen : line 4 - init temp 1 : 11 
drawTextScreen : line 5 - HEATSINK
drawTextScreen : line 6 - ERR
drawTextScreen : line 7 - init temp 2 : 10 
drawTextScreen : line 0 - SAND
drawTextScreen : line 1 - ERR
init temp 3 : 9 RESERVOIR
drawTextScreen : line 4 - init temp 1 : 11 
drawTextScreen : line 5 - HEATSINK
drawTextScreen : line 6 - ERR
drawTextScreen : line 7 - init temp 2 : 10 
drawTextScreen : line 0 - SAND
drawTextScreen : line 1 - ERR
drawTextScreen : line 2 - init temp 3 : 9 
drawTextScreen : line 3 - RESERVOIR
ERROR!
ERR
drawTextScreen : line 5 - HEATSINK
drawTextScreen : line 6 - ERR
drawTextScreen : line 7 - init temp 2 : 10 
drawTextScreen : line 0 - SAND
drawTextScreen : line 1 - ERR
drawTextScreen : line 2 - init temp 3 : 9 
drawTextScreen : line 3 - RESERVOIR
drawTextScreen : line 4 - ERR
init temp 4 : 78 ROOF
drawTextScreen : line 7 - init temp 2 : 10 
drawTextScreen : line 0 - SAND
drawTextScreen : line 1 - ERR
drawTextScreen : line 2 - init temp 3 : 9 
drawTextScreen : line 3 - RESERVOIR
drawTextScreen : line 4 - ERR
drawTextScreen : line 5 - init temp 4 : 78 
drawTextScreen : line 6 - ROOF
ERROR!
ERR
drawTextScreen : line 0 - SAND
drawTextScreen : line 1 - ERR
drawTextScreen : line 2 - init temp 3 : 9 
drawTextScreen : line 3 - RESERVOIR
drawTextScreen : line 4 - ERR
drawTextScreen : line 5 - init temp 4 : 78 
drawTextScreen : line 6 - ROOF
drawTextScreen : line 7 - ERR
init temp 5 : 2 AMBIENT
drawTextScreen : line 2 - init temp 3 : 9 
drawTextScreen : line 3 - RESERVOIR
drawTextScreen : line 4 - ERR
drawTextScreen : line 5 - init temp 4 : 78 
drawTextScreen : line 6 - ROOF
drawTextScreen : line 7 - ERR
drawTextScreen : line 0 - init temp 5 : 2 
drawTextScreen : line 1 - AMBIENT
81.68
drawTextScreen : line 3 - RESERVOIR
drawTextScreen : line 4 - ERR
drawTextScreen : line 5 - init temp 4 : 78 
drawTextScreen : line 6 - ROOF
drawTextScreen : line 7 - ERR
drawTextScreen : line 0 - init temp 5 : 2 
drawTextScreen : line 1 - AMBIENT
drawTextScreen : line 2 - 81.68
drawTextScreen : line 6 - ROOF
drawTextScreen : line 7 - ERR
drawTextScreen : line 0 - init temp 5 : 2 
drawTextScreen : line 1 - AMBIENT
drawTextScreen : line 2 - 81.68
drawTextScreen : line 3 -  
drawTextScreen : line 4 - Done DHTs...
drawTextScreen : line 5 -  
SYSTEM INIT DONE!
switching mode from -1 to 0
counterHigh:  0 - seconds  0 / 51 - Thu 2024/10/10 17:50:51
Secondloop too long, reducing by 10 to 3490
LCD display : 10/10   17:50:51 -- 0123456789ABCDEF
CHECK ALL DHT
SHED : 84.02*F 
HEATSINK : ERR*F 
SAND : ERR*F 
RESERVOIR : ERR*F 
ROOF : ERR*F 
AMBIENT : 81.68*F 
evaluateRule: invalid type... 7 3 4 
evaluateRule: invalid type... 7 2 3 
5 done rules...
counterHigh:  9 - seconds 51 / 52 - Thu 2024/10/10 17:50:52
counterHigh:  8 - seconds 52 / 53 - Thu 2024/10/10 17:50:53
counterHigh:  7 - seconds 53 / 54 - Thu 2024/10/10 17:50:54
counterHigh:  6 - seconds 54 / 55 - Thu 2024/10/10 17:50:55
counterHigh:  5 - seconds 55 / 56 - Thu 2024/10/10 17:50:56
counterHigh:  4 - seconds 56 / 57 - Thu 2024/10/10 17:50:57
counterHigh:  3 - seconds 57 / 58 - Thu 2024/10/10 17:50:58
counterHigh:  2 - seconds 58 / 59 - Thu 2024/10/10 17:50:59
counterHigh:  1 - seconds 59 /  0 - Thu 2024/10/10 17:51:00
Secondloop on target - 3490
counterHigh:  0 - seconds  0 /  0 - Thu 2024/10/10 17:51:00
Secondloop too short, increasing by 1 to 3491
LCD display : 10/10   17:51:00 -- 0123456789ABCDEF
CHECK ALL DHT
SHED : 84.02*F 
HEATSINK : ERR*F 
SAND : ERR*F 
RESERVOIR : ERR*F 
ROOF : ERR*F 
AMBIENT : 81.68*F 
evaluateRule: invalid type... 7 3 4 
evaluateRule: invalid type... 7 2 3 
5 done rules...
counterHigh:  9 - seconds  0 /  2 - Thu 2024/10/10 17:51:02
Secondloop too long, reducing by 10 to 3481
counterHigh:  8 - seconds  2 /  3 - Thu 2024/10/10 17:51:03
counterHigh:  7 - seconds  3 /  4 - Thu 2024/10/10 17:51:04
counterHigh:  6 - seconds  4 /  4 - Thu 2024/10/10 17:51:04
Secondloop too short, increasing by 1 to 3482
counterHigh:  5 - seconds  4 /  5 - Thu 2024/10/10 17:51:05
counterHigh:  4 - seconds  5 /  6 - Thu 2024/10/10 17:51:06
counterHigh:  3 - seconds  6 /  7 - Thu 2024/10/10 17:51:07
counterHigh:  2 - seconds  7 /  8 - Thu 2024/10/10 17:51:08
counterHigh:  1 - seconds  8 /  9 - Thu 2024/10/10 17:51:09
counterHigh:  0 - seconds  9 / 10 - Thu 2024/10/10 17:51:10
LCD display : 10/10   17:51:10 -- 0123456789ABCDEF
CHECK ALL DHT
SHED : 84.02*F 
HEATSINK : ERR*F 
SAND : ERR*F 
RESERVOIR : ERR*F 
ROOF : ERR*F 
AMBIENT : 81.68*F 
evaluateRule: invalid type... 7 3 4 
evaluateRule: invalid type... 7 2 3 
5 done rules...
counterHigh:  9 - seconds 10 / 11 - Thu 2024/10/10 17:51:11
counterHigh:  8 - seconds 11 / 12 - Thu 2024/10/10 17:51:12
counterHigh:  7 - seconds 12 / 13 - Thu 2024/10/10 17:51:13
counterHigh:  6 - seconds 13 / 14 - Thu 2024/10/10 17:51:14
counterHigh:  5 - seconds 14 / 15 - Thu 2024/10/10 17:51:15
counterHigh:  4 - seconds 15 / 16 - Thu 2024/10/10 17:51:16
counterHigh:  3 - seconds 16 / 16 - Thu 2024/10/10 17:51:16
Secondloop too short, increasing by 1 to 3483
counterHigh:  2 - seconds 16 / 17 - Thu 2024/10/10 17:51:17
counterHigh:  1 - seconds 17 / 18 - Thu 2024/10/10 17:51:18
counterHigh:  0 - seconds 18 / 19 - Thu 2024/10/10 17:51:19
LCD display : 10/10   17:51:19 -- 0123456789ABCDEF
CHECK ALL DHT
SHED : 84.02*F 
HEATSINK : ERR*F 
SAND : ERR*F 
RESERVOIR : ERR*F 
ROOF : ERR*F 
AMBIENT : 81.68*F 
evaluateRule: invalid type... 7 3 4 
evaluateRule: invalid type... 7 2 3 
5 done rules...
counterHigh:  9 - seconds 19 / 20 - Thu 2024/10/10 17:51:20
counterHigh:  8 - seconds 20 / 21 - Thu 2024/10/10 17:51:21
counterHigh:  7 - seconds 21 / 22 - Thu 2024/10/10 17:51:22
counterHigh:  6 - seconds 22 / 23 - Thu 2024/10/10 17:51:23
counterHigh:  5 - seconds 23 / 24 - Thu 2024/10/10 17:51:24
counterHigh:  4 - seconds 24 / 25 - Thu 2024/10/10 17:51:25
counterHigh:  3 - seconds 25 / 26 - Thu 2024/10/10 17:51:26
counterHigh:  2 - seconds 26 / 27 - Thu 2024/10/10 17:51:27
counterHigh:  1 - seconds 27 / 28 - Thu 2024/10/10 17:51:28
counterHigh:  0 - seconds 28 / 28 - Thu 2024/10/10 17:51:28
Secondloop too short, increasing by 1 to 3484
LCD display : 10/10   17:51:28 -- 0123456789ABCDEF
CHECK ALL DHT
SHED : 84.02*F 
HEATSINK : ERR*F 
SAND : ERR*F 
RESERVOIR : ERR*F 
ROOF : ERR*F 
AMBIENT : 81.68*F 
evaluateRule: invalid type... 7 3 4 
evaluateRule: invalid type... 7 2 3 
5 done rules...
counterHigh:  9 - seconds 28 / 30 - Thu 2024/10/10 17:51:30
Secondloop too long, reducing by 10 to 3474
counterHigh:  8 - seconds 30 / 31 - Thu 2024/10/10 17:51:31
counterHigh:  7 - seconds 31 / 32 - Thu 2024/10/10 17:51:32
counterHigh:  6 - seconds 32 / 32 - Thu 2024/10/10 17:51:32
Secondloop too short, increasing by 1 to 3475
counterHigh:  5 - seconds 32 / 33 - Thu 2024/10/10 17:51:33
counterHigh:  4 - seconds 33 / 34 - Thu 2024/10/10 17:51:34
counterHigh:  3 - seconds 34 / 35 - Thu 2024/10/10 17:51:35
counterHigh:  2 - seconds 35 / 36 - Thu 2024/10/10 17:51:36
counterHigh:  1 - seconds 36 / 37 - Thu 2024/10/10 17:51:37
counterHigh:  0 - seconds 37 / 38 - Thu 2024/10/10 17:51:38
LCD display : 10/10   17:51:38 -- 0123456789ABCDEF
CHECK ALL DHT
SHED : 83.48*F 
HEATSINK : ERR*F 
SAND : ERR*F 
RESERVOIR : ERR*F 
ROOF : ERR*F 
AMBIENT : 81.68*F 
evaluateRule: invalid type... 7 3 4 
evaluateRule: invalid type... 7 2 3 
5 done rules...
counterHigh:  9 - seconds 38 / 39 - Thu 2024/10/10 17:51:39
counterHigh:  8 - seconds 39 / 40 - Thu 2024/10/10 17:51:40
counterHigh:  7 - seconds 40 / 41 - Thu 2024/10/10 17:51:41
counterHigh:  6 - seconds 41 / 42 - Thu 2024/10/10 17:51:42
