strTimeStamp: 18:01:29 
init...
splash screen - hit any button
drawTextScreen : line 0 - 0123456789ABCDEF0123
drawTextScreen : line 1 - --------------------
drawTextScreen : line 2 - This is just a small
drawTextScreen : line 3 - test, trying to put 
drawTextScreen : line 4 - text to the OLED.   
drawTextScreen : line 5 -                     
drawTextScreen : line 6 - This is ONLY A TEST!
drawTextScreen : line 7 - ....................
text screen test - hit any button
init relay 0 : 12 d/%02d/%02d %2d:%02d:%02d LOOP PUMP
drawTextScreen : line 2 - This is just a small
drawTextScreen : line 3 - test, trying to put 
drawTextScreen : line 4 - text to the OLED.   
drawTextScreen : line 5 -                     
drawTextScreen : line 6 - This is ONLY A TEST!
drawTextScreen : line 7 - ....................
drawTextScreen : line 0 - init relay 0 : 12 d/
drawTextScreen : line 1 - LOOP PUMP
init relay 1 : 11 d/%02d/%02d %2d:%02d:%02d XFER PUMP
drawTextScreen : line 4 - text to the OLED.   
drawTextScreen : line 5 -                     
drawTextScreen : line 6 - This is ONLY A TEST!
drawTextScreen : line 7 - ....................
drawTextScreen : line 0 - init relay 0 : 12 d/
drawTextScreen : line 1 - LOOP PUMP
drawTextScreen : line 2 - init relay 1 : 11 d/
drawTextScreen : line 3 - XFER PUMP
init relay 2 : 10 d/%02d/%02d %2d:%02d:%02d HEAT FAN
drawTextScreen : line 6 - This is ONLY A TEST!
drawTextScreen : line 7 - ....................
drawTextScreen : line 0 - init relay 0 : 12 d/
drawTextScreen : line 1 - LOOP PUMP
drawTextScreen : line 2 - init relay 1 : 11 d/
drawTextScreen : line 3 - XFER PUMP
drawTextScreen : line 4 - init relay 2 : 10 d/
drawTextScreen : line 5 - HEAT FAN
init relay 3 : 9 d/%02d/%02d %2d:%02d:%02d 12V DC HEAT
drawTextScreen : line 0 - init relay 0 : 12 d/
drawTextScreen : line 1 - LOOP PUMP
drawTextScreen : line 2 - init relay 1 : 11 d/
drawTextScreen : line 3 - XFER PUMP
drawTextScreen : line 4 - init relay 2 : 10 d/
drawTextScreen : line 5 - HEAT FAN
drawTextScreen : line 6 - init relay 3 : 9 d/%
drawTextScreen : line 7 - 12V DC HEAT
Done relays..
drawTextScreen : line 1 - LOOP PUMP
drawTextScreen : line 2 - init relay 1 : 11 d/
drawTextScreen : line 3 - XFER PUMP
drawTextScreen : line 4 - init relay 2 : 10 d/
drawTextScreen : line 5 - HEAT FAN
drawTextScreen : line 6 - init relay 3 : 9 d/%
drawTextScreen : line 7 - 12V DC HEAT
drawTextScreen : line 0 - Done relays...
init temp 0 : 12 SHED
drawTextScreen : line 3 - XFER PUMP
drawTextScreen : line 4 - init relay 2 : 10 d/
drawTextScreen : line 5 - HEAT FAN
drawTextScreen : line 6 - init relay 3 : 9 d/%
drawTextScreen : line 7 - 12V DC HEAT
drawTextScreen : line 0 - Done relays...
drawTextScreen : line 1 - init temp 0 : 12 
drawTextScreen : line 2 - SHED
82.40
drawTextScreen : line 4 - init relay 2 : 10 d/
drawTextScreen : line 5 - HEAT FAN
drawTextScreen : line 6 - init relay 3 : 9 d/%
drawTextScreen : line 7 - 12V DC HEAT
drawTextScreen : line 0 - Done relays...
drawTextScreen : line 1 - init temp 0 : 12 
drawTextScreen : line 2 - SHED
drawTextScreen : line 3 - 82.40
init temp 1 : 11 HEATSINK
drawTextScreen : line 6 - init relay 3 : 9 d/%
drawTextScreen : line 7 - 12V DC HEAT
drawTextScreen : line 0 - Done relays...
drawTextScreen : line 1 - init temp 0 : 12 
drawTextScreen : line 2 - SHED
drawTextScreen : line 3 - 82.40
drawTextScreen : line 4 - init temp 1 : 11 
drawTextScreen : line 5 - HEATSINK
ERROR!
ERR
drawTextScreen : line 7 - 12V DC HEAT
drawTextScreen : line 0 - Done relays...
drawTextScreen : line 1 - init temp 0 : 12 
drawTextScreen : line 2 - SHED
drawTextScreen : line 3 - 82.40
drawTextScreen : line 4 - init temp 1 : 11 
drawTextScreen : line 5 - HEATSINK
drawTextScreen : line 6 - ERR
init temp 2 : 10 SAND
drawTextScreen : line 1 - init temp 0 : 12 
drawTextScreen : line 2 - SHED
drawTextScreen : line 3 - 82.40
drawTextScreen : line 4 - init temp 1 : 11 
drawTextScreen : line 5 - HEATSINK
drawTextScreen : line 6 - ERR
drawTextScreen : line 7 - init temp 2 : 10 
drawTextScreen : line 0 - SAND
ERROR!
ERR
drawTextScreen : line 2 - SHED
drawTextScreen : line 3 - 82.40
drawTextScreen : line 4 - init temp 1 : 11 
drawTextScreen : line 5 - HEATSINK
drawTextScreen : line 6 - ERR
drawTextScreen : line 7 - init temp 2 : 10 
drawTextScreen : line 0 - SAND
drawTextScreen : line 1 - ERR
init temp 3 : 9 RESERVOIR
drawTextScreen : line 4 - init temp 1 : 11 
drawTextScreen : line 5 - HEATSINK
drawTextScreen : line 6 - ERR
drawTextScreen : line 7 - init temp 2 : 10 
drawTextScreen : line 0 - SAND
drawTextScreen : line 1 - ERR
drawTextScreen : line 2 - init temp 3 : 9 
drawTextScreen : line 3 - RESERVOIR
ERROR!
ERR
drawTextScreen : line 5 - HEATSINK
drawTextScreen : line 6 - ERR
drawTextScreen : line 7 - init temp 2 : 10 
drawTextScreen : line 0 - SAND
drawTextScreen : line 1 - ERR
drawTextScreen : line 2 - init temp 3 : 9 
drawTextScreen : line 3 - RESERVOIR
drawTextScreen : line 4 - ERR
init temp 4 : 78 ROOF
drawTextScreen : line 7 - init temp 2 : 10 
drawTextScreen : line 0 - SAND
drawTextScreen : line 1 - ERR
drawTextScreen : line 2 - init temp 3 : 9 
drawTextScreen : line 3 - RESERVOIR
drawTextScreen : line 4 - ERR
drawTextScreen : line 5 - init temp 4 : 78 
drawTextScreen : line 6 - ROOF
ERROR!
ERR
drawTextScreen : line 0 - SAND
drawTextScreen : line 1 - ERR
drawTextScreen : line 2 - init temp 3 : 9 
drawTextScreen : line 3 - RESERVOIR
drawTextScreen : line 4 - ERR
drawTextScreen : line 5 - init temp 4 : 78 
drawTextScreen : line 6 - ROOF
drawTextScreen : line 7 - ERR
init temp 5 : 2 AMBIENT
drawTextScreen : line 2 - init temp 3 : 9 
drawTextScreen : line 3 - RESERVOIR
drawTextScreen : line 4 - ERR
drawTextScreen : line 5 - init temp 4 : 78 
drawTextScreen : line 6 - ROOF
drawTextScreen : line 7 - ERR
drawTextScreen : line 0 - init temp 5 : 2 
drawTextScreen : line 1 - AMBIENT
80.78
drawTextScreen : line 3 - RESERVOIR
drawTextScreen : line 4 - ERR
drawTextScreen : line 5 - init temp 4 : 78 
drawTextScreen : line 6 - ROOF
drawTextScreen : line 7 - ERR
drawTextScreen : line 0 - init temp 5 : 2 
drawTextScreen : line 1 - AMBIENT
drawTextScreen : line 2 - 80.78
drawTextScreen : line 6 - ROOF
drawTextScreen : line 7 - ERR
drawTextScreen : line 0 - init temp 5 : 2 
drawTextScreen : line 1 - AMBIENT
drawTextScreen : line 2 - 80.78
drawTextScreen : line 3 -  
drawTextScreen : line 4 - Done DHTs...
drawTextScreen : line 5 -  
SYSTEM INIT DONE!
switching mode from -1 to 0
counterHigh:  0 - seconds  0 / 38 - Thu 2024/10/10 18:01:38
Secondloop too long, reducing by 10 to 3490
LCD display : 10/10   18:01:38 -- 0123456789ABCDEF
CHECK ALL DHT
SHED : 82.40*F 
HEATSINK : ERR*F 
SAND : ERR*F 
RESERVOIR : ERR*F 
ROOF : ERR*F 
AMBIENT : 80.78*F 
evaluateRule: invalid type... 7 3 4 
evaluateRule: invalid type... 7 2 3 
5 done rules...
counterHigh:  9 - seconds 38 / 40 - Thu 2024/10/10 18:01:40
Secondloop too long, reducing by 10 to 3480
counterHigh:  8 - seconds 40 / 41 - Thu 2024/10/10 18:01:41
counterHigh:  7 - seconds 41 / 42 - Thu 2024/10/10 18:01:42
counterHigh:  6 - seconds 42 / 43 - Thu 2024/10/10 18:01:43
counterHigh:  5 - seconds 43 / 43 - Thu 2024/10/10 18:01:43
Secondloop too short, increasing by 1 to 3481
counterHigh:  4 - seconds 43 / 44 - Thu 2024/10/10 18:01:44
counterHigh:  3 - seconds 44 / 45 - Thu 2024/10/10 18:01:45
counterHigh:  2 - seconds 45 / 46 - Thu 2024/10/10 18:01:46
counterHigh:  1 - seconds 46 / 47 - Thu 2024/10/10 18:01:47
counterHigh:  0 - seconds 47 / 48 - Thu 2024/10/10 18:01:48
LCD display : 10/10   18:01:48 -- 0123456789ABCDEF
CHECK ALL DHT
SHED : 82.40*F 
HEATSINK : ERR*F 
SAND : ERR*F 
RESERVOIR : ERR*F 
ROOF : ERR*F 
AMBIENT : 80.06*F 
evaluateRule: invalid type... 7 3 4 
evaluateRule: invalid type... 7 2 3 
5 done rules...
counterHigh:  9 - seconds 48 / 49 - Thu 2024/10/10 18:01:49
counterHigh:  8 - seconds 49 / 50 - Thu 2024/10/10 18:01:50
counterHigh:  7 - seconds 50 / 51 - Thu 2024/10/10 18:01:51
counterHigh:  6 - seconds 51 / 52 - Thu 2024/10/10 18:01:52
counterHigh:  5 - seconds 52 / 53 - Thu 2024/10/10 18:01:53
counterHigh:  4 - seconds 53 / 54 - Thu 2024/10/10 18:01:54
counterHigh:  3 - seconds 54 / 54 - Thu 2024/10/10 18:01:54
Secondloop too short, increasing by 1 to 3482
counterHigh:  2 - seconds 54 / 55 - Thu 2024/10/10 18:01:55
counterHigh:  1 - seconds 55 / 56 - Thu 2024/10/10 18:01:56
counterHigh:  0 - seconds 56 / 57 - Thu 2024/10/10 18:01:57
LCD display : 10/10   18:01:57 -- 0123456789ABCDEF
CHECK ALL DHT
SHED : 82.40*F 
HEATSINK : ERR*F 
SAND : ERR*F 
RESERVOIR : ERR*F 
ROOF : ERR*F 
AMBIENT : 80.06*F 
evaluateRule: invalid type... 7 3 4 
evaluateRule: invalid type... 7 2 3 
5 done rules...
counterHigh:  9 - seconds 57 / 58 - Thu 2024/10/10 18:01:58
counterHigh:  8 - seconds 58 / 59 - Thu 2024/10/10 18:01:59
counterHigh:  7 - seconds 59 /  0 - Thu 2024/10/10 18:02:00
Secondloop on target - 3482
counterHigh:  6 - seconds  0 /  1 - Thu 2024/10/10 18:02:01
counterHigh:  5 - seconds  1 /  2 - Thu 2024/10/10 18:02:02
counterHigh:  4 - seconds  2 /  3 - Thu 2024/10/10 18:02:03
counterHigh:  3 - seconds  3 /  4 - Thu 2024/10/10 18:02:04
counterHigh:  2 - seconds  4 /  5 - Thu 2024/10/10 18:02:05
counterHigh:  1 - seconds  5 /  6 - Thu 2024/10/10 18:02:06
counterHigh:  0 - seconds  6 /  6 - Thu 2024/10/10 18:02:06
Secondloop too short, increasing by 1 to 3483
LCD display : 10/10   18:02:06 -- 0123456789ABCDEF
CHECK ALL DHT
SHED : 82.40*F 
HEATSINK : ERR*F 
SAND : ERR*F 
RESERVOIR : ERR*F 
ROOF : ERR*F 
AMBIENT : 80.06*F 
evaluateRule: invalid type... 7 3 4 
evaluateRule: invalid type... 7 2 3 
5 done rules...
counterHigh:  9 - seconds  6 /  8 - Thu 2024/10/10 18:02:08
Secondloop too long, reducing by 10 to 3473
counterHigh:  8 - seconds  8 /  9 - Thu 2024/10/10 18:02:09
counterHigh:  7 - seconds  9 / 10 - Thu 2024/10/10 18:02:10
counterHigh:  6 - seconds 10 / 10 - Thu 2024/10/10 18:02:10
Secondloop too short, increasing by 1 to 3474
counterHigh:  5 - seconds 10 / 11 - Thu 2024/10/10 18:02:11
counterHigh:  4 - seconds 11 / 12 - Thu 2024/10/10 18:02:12
counterHigh:  3 - seconds 12 / 13 - Thu 2024/10/10 18:02:13
counterHigh:  2 - seconds 13 / 14 - Thu 2024/10/10 18:02:14
counterHigh:  1 - seconds 14 / 15 - Thu 2024/10/10 18:02:15
counterHigh:  0 - seconds 15 / 16 - Thu 2024/10/10 18:02:16
LCD display : 10/10   18:02:16 -- 0123456789ABCDEF
CHECK ALL DHT
SHED : 82.40*F 
HEATSINK : ERR*F 
SAND : ERR*F 
RESERVOIR : ERR*F 
ROOF : ERR*F 
AMBIENT : 80.06*F 
evaluateRule: invalid type... 7 3 4 
evaluateRule: invalid type... 7 2 3 
5 done rules...
counterHigh:  9 - seconds 16 / 17 - Thu 2024/10/10 18:02:17
counterHigh:  8 - seconds 17 / 18 - Thu 2024/10/10 18:02:18
counterHigh:  7 - seconds 18 / 19 - Thu 2024/10/10 18:02:19
counterHigh:  6 - seconds 19 / 20 - Thu 2024/10/10 18:02:20
counterHigh:  5 - seconds 20 / 21 - Thu 2024/10/10 18:02:21
counterHigh:  4 - seconds 21 / 22 - Thu 2024/10/10 18:02:22
counterHigh:  3 - seconds 22 / 22 - Thu 2024/10/10 18:02:22
Secondloop too short, increasing by 1 to 3475
counterHigh:  2 - seconds 22 / 23 - Thu 2024/10/10 18:02:23
counterHigh:  1 - seconds 23 / 24 - Thu 2024/10/10 18:02:24
counterHigh:  0 - seconds 24 / 25 - Thu 2024/10/10 18:02:25
LCD display : 10/10   18:02:25 -- 0123456789ABCDEF
CHECK ALL DHT
SHED : 82.40*F 
HEATSINK : ERR*F 
SAND : ERR*F 
RESERVOIR : ERR*F 
ROOF : ERR*F 
AMBIENT : 80.06*F 
evaluateRule: invalid type... 7 3 4 
evaluateRule: invalid type... 7 2 3 
5 done rules...
counterHigh:  9 - seconds 25 / 26 - Thu 2024/10/10 18:02:26
counterHigh:  8 - seconds 26 / 27 - Thu 2024/10/10 18:02:27
counterHigh:  7 - seconds 27 / 28 - Thu 2024/10/10 18:02:28
counterHigh:  6 - seconds 28 / 29 - Thu 2024/10/10 18:02:29
counterHigh:  5 - seconds 29 / 30 - Thu 2024/10/10 18:02:30
counterHigh:  4 - seconds 30 / 31 - Thu 2024/10/10 18:02:31
counterHigh:  3 - seconds 31 / 32 - Thu 2024/10/10 18:02:32
counterHigh:  2 - seconds 32 / 33 - Thu 2024/10/10 18:02:33
counterHigh:  1 - seconds 33 / 33 - Thu 2024/10/10 18:02:33
Secondloop too short, increasing by 1 to 3476
counterHigh:  0 - seconds 33 / 34 - Thu 2024/10/10 18:02:34
LCD display : 10/10   18:02:34 -- 0123456789ABCDEF
CHECK ALL DHT
SHED : 82.40*F 
HEATSINK : ERR*F 
SAND : ERR*F 
RESERVOIR : ERR*F 
ROOF : ERR*F 
AMBIENT : 80.06*F 
evaluateRule: invalid type... 7 3 4 
evaluateRule: invalid type... 7 2 3 
5 done rules...
counterHigh:  9 - seconds 34 / 36 - Thu 2024/10/10 18:02:36
Secondloop too long, reducing by 10 to 3466
counterHigh:  8 - seconds 36 / 37 - Thu 2024/10/10 18:02:37
counterHigh:  7 - seconds 37 / 38 - Thu 2024/10/10 18:02:38
counterHigh:  6 - seconds 38 / 38 - Thu 2024/10/10 18:02:38
Secondloop too short, increasing by 1 to 3467
counterHigh:  5 - seconds 38 / 39 - Thu 2024/10/10 18:02:39
counterHigh:  4 - seconds 39 / 40 - Thu 2024/10/10 18:02:40
counterHigh:  3 - seconds 40 / 41 - Thu 2024/10/10 18:02:41
counterHigh:  2 - seconds 41 / 42 - Thu 2024/10/10 18:02:42
counterHigh:  1 - seconds 42 / 43 - Thu 2024/10/10 18:02:43
counterHigh:  0 - seconds 43 / 44 - Thu 2024/10/10 18:02:44
LCD display : 10/10   18:02:44 -- 0123456789ABCDEF
CHECK ALL DHT
SHED : 82.40*F 
HEATSINK : ERR*F 
SAND : ERR*F 
RESERVOIR : ERR*F 
ROOF : ERR*F 
AMBIENT : 80.06*F 
evaluateRule: invalid type... 7 3 4 
evaluateRule: invalid type... 7 2 3 
5 done rules...
counterHigh:  9 - seconds 44 / 45 - Thu 2024/10/10 18:02:45
counterHigh:  8 - seconds 45 / 46 - Thu 2024/10/10 18:02:46
counterHigh:  7 - seconds 46 / 47 - Thu 2024/10/10 18:02:47
counterHigh:  6 - seconds 47 / 48 - Thu 2024/10/10 18:02:48
counterHigh:  5 - seconds 48 / 49 - Thu 2024/10/10 18:02:49
counterHigh:  4 - seconds 49 / 49 - Thu 2024/10/10 18:02:49
Secondloop too short, increasing by 1 to 3468
