/ 12 - Sat 2024/10/12 15:06:12
counterHigh:  8 - seconds 12 / 13 - Sat 2024/10/12 15:06:13
s...
counterHigh:  9 - seconds 11 / 12 - Sat 2024/10/12 15:06:12
counterHigh:  8 - seconds 12 / 13 - Sat 2024/10/12 15:06:13
strTimeStamp: 15:06:14 
init...
splash screen - hit any button
drawTextScreen : line 0 - 0123456789ABCDEF0123
drawTextScreen : line 1 - --------------------
drawTextScreen : line 2 - This is just a small
drawTextScreen : line 3 - test, trying to put 
drawTextScreen : line 4 - text to the OLED.   
drawTextScreen : line 5 -                     
drawTextScreen : line 6 - This is ONLY A TEST!
drawTextScreen : line 7 - ....................
text screen test - hit any button
init relay 0 : 12 d/%02d/%02d %2d:%02d:%02d LOOP PUMP
drawTextScreen : line 2 - This is just a small
drawTextScreen : line 3 - test, trying to put 
drawTextScreen : line 4 - text to the OLED.   
drawTextScreen : line 5 -                     
drawTextScreen : line 6 - This is ONLY A TEST!
drawTextScreen : line 7 - ....................
drawTextScreen : line 0 - init relay 0 : 12 d/
drawTextScreen : line 1 - LOOP PUMP
init relay 1 : 11 d/%02d/%02d %2d:%02d:%02d XFER PUMP
drawTextScreen : line 4 - text to the OLED.   
drawTextScreen : line 5 -                     
drawTextScreen : line 6 - This is ONLY A TEST!
drawTextScreen : line 7 - ....................
drawTextScreen : line 0 - init relay 0 : 12 d/
drawTextScreen : line 1 - LOOP PUMP
drawTextScreen : line 2 - init relay 1 : 11 d/
drawTextScreen : line 3 - XFER PUMP
init relay 2 : 10 d/%02d/%02d %2d:%02d:%02d HEAT FAN
drawTextScreen : line 6 - This is ONLY A TEST!
drawTextScreen : line 7 - ....................
drawTextScreen : line 0 - init relay 0 : 12 d/
drawTextScreen : line 1 - LOOP PUMP
drawTextScreen : line 2 - init relay 1 : 11 d/
drawTextScreen : line 3 - XFER PUMP
drawTextScreen : line 4 - init relay 2 : 10 d/
drawTextScreen : line 5 - HEAT FAN
init relay 3 : 9 d/%02d/%02d %2d:%02d:%02d 12V DC HEAT
drawTextScreen : line 0 - init relay 0 : 12 d/
drawTextScreen : line 1 - LOOP PUMP
drawTextScreen : line 2 - init relay 1 : 11 d/
drawTextScreen : line 3 - XFER PUMP
drawTextScreen : line 4 - init relay 2 : 10 d/
drawTextScreen : line 5 - HEAT FAN
drawTextScreen : line 6 - init relay 3 : 9 d/%
drawTextScreen : line 7 - 12V DC HEAT
Done relays..
drawTextScreen : line 1 - LOOP PUMP
drawTextScreen : line 2 - init relay 1 : 11 d/
drawTextScreen : line 3 - XFER PUMP
drawTextScreen : line 4 - init relay 2 : 10 d/
drawTextScreen : line 5 - HEAT FAN
drawTextScreen : line 6 - init relay 3 : 9 d/%
drawTextScreen : line 7 - 12V DC HEAT
drawTextScreen : line 0 - Done relays...
init temp 0 : 12 SHED
drawTextScreen : line 3 - XFER PUMP
drawTextScreen : line 4 - init relay 2 : 10 d/
drawTextScreen : line 5 - HEAT FAN
drawTextScreen : line 6 - init relay 3 : 9 d/%
drawTextScreen : line 7 - 12V DC HEAT
drawTextScreen : line 0 - Done relays...
drawTextScreen : line 1 - init temp 0 : 12 
drawTextScreen : line 2 - SHED
87.44
drawTextScreen : line 4 - init relay 2 : 10 d/
drawTextScreen : line 5 - HEAT FAN
drawTextScreen : line 6 - init relay 3 : 9 d/%
drawTextScreen : line 7 - 12V DC HEAT
drawTextScreen : line 0 - Done relays...
drawTextScreen : line 1 - init temp 0 : 12 
drawTextScreen : line 2 - SHED
drawTextScreen : line 3 - 87.44
init temp 1 : 11 HEATSINK
drawTextScreen : line 6 - init relay 3 : 9 d/%
drawTextScreen : line 7 - 12V DC HEAT
drawTextScreen : line 0 - Done relays...
drawTextScreen : line 1 - init temp 0 : 12 
drawTextScreen : line 2 - SHED
drawTextScreen : line 3 - 87.44
drawTextScreen : line 4 - init temp 1 : 11 
drawTextScreen : line 5 - HEATSINK
ERROR!
ERR
drawTextScreen : line 7 - 12V DC HEAT
drawTextScreen : line 0 - Done relays...
drawTextScreen : line 1 - init temp 0 : 12 
drawTextScreen : line 2 - SHED
drawTextScreen : line 3 - 87.44
drawTextScreen : line 4 - init temp 1 : 11 
drawTextScreen : line 5 - HEATSINK
drawTextScreen : line 6 - ERR
init temp 2 : 10 SAND
drawTextScreen : line 1 - init temp 0 : 12 
drawTextScreen : line 2 - SHED
drawTextScreen : line 3 - 87.44
drawTextScreen : line 4 - init temp 1 : 11 
drawTextScreen : line 5 - HEATSINK
drawTextScreen : line 6 - ERR
drawTextScreen : line 7 - init temp 2 : 10 
drawTextScreen : line 0 - SAND
ERROR!
ERR
drawTextScreen : line 2 - SHED
drawTextScreen : line 3 - 87.44
drawTextScreen : line 4 - init temp 1 : 11 
drawTextScreen : line 5 - HEATSINK
drawTextScreen : line 6 - ERR
drawTextScreen : line 7 - init temp 2 : 10 
drawTextScreen : line 0 - SAND
drawTextScreen : line 1 - ERR
init temp 3 : 9 RESERVOIR
drawTextScreen : line 4 - init temp 1 : 11 
drawTextScreen : line 5 - HEATSINK
drawTextScreen : line 6 - ERR
drawTextScreen : line 7 - init temp 2 : 10 
drawTextScreen : line 0 - SAND
drawTextScreen : line 1 - ERR
drawTextScreen : line 2 - init temp 3 : 9 
drawTextScreen : line 3 - RESERVOIR
ERROR!
ERR
drawTextScreen : line 5 - HEATSINK
drawTextScreen : line 6 - ERR
drawTextScreen : line 7 - init temp 2 : 10 
drawTextScreen : line 0 - SAND
drawTextScreen : line 1 - ERR
drawTextScreen : line 2 - init temp 3 : 9 
drawTextScreen : line 3 - RESERVOIR
drawTextScreen : line 4 - ERR
init temp 4 : 78 ROOF
drawTextScreen : line 7 - init temp 2 : 10 
drawTextScreen : line 0 - SAND
drawTextScreen : line 1 - ERR
drawTextScreen : line 2 - init temp 3 : 9 
drawTextScreen : line 3 - RESERVOIR
drawTextScreen : line 4 - ERR
drawTextScreen : line 5 - init temp 4 : 78 
drawTextScreen : line 6 - ROOF
108.50
drawTextScreen : line 0 - SAND
drawTextScreen : line 1 - ERR
drawTextScreen : line 2 - init temp 3 : 9 
drawTextScreen : line 3 - RESERVOIR
drawTextScreen : line 4 - ERR
drawTextScreen : line 5 - init temp 4 : 78 
drawTextScreen : line 6 - ROOF
drawTextScreen : line 7 - 108.50
init temp 5 : 2 AMBIENT
drawTextScreen : line 2 - init temp 3 : 9 
drawTextScreen : line 3 - RESERVOIR
drawTextScreen : line 4 - ERR
drawTextScreen : line 5 - init temp 4 : 78 
drawTextScreen : line 6 - ROOF
drawTextScreen : line 7 - 108.50
drawTextScreen : line 0 - init temp 5 : 2 
drawTextScreen : line 1 - AMBIENT
80.06
drawTextScreen : line 3 - RESERVOIR
drawTextScreen : line 4 - ERR
drawTextScreen : line 5 - init temp 4 : 78 
drawTextScreen : line 6 - ROOF
drawTextScreen : line 7 - 108.50
drawTextScreen : line 0 - init temp 5 : 2 
drawTextScreen : line 1 - AMBIENT
drawTextScreen : line 2 - 80.06
drawTextScreen : line 6 - ROOF
drawTextScreen : line 7 - 108.50
drawTextScreen : line 0 - init temp 5 : 2 
drawTextScreen : line 1 - AMBIENT
drawTextScreen : line 2 - 80.06
drawTextScreen : line 3 -  
drawTextScreen : line 4 - Done DHTs...
drawTextScreen : line 5 -  
SYSTEM INIT DONE!
switching mode from -1 to 0
counterHigh:  0 - seconds  0 / 23 - Sat 2024/10/12 15:06:23
Secondloop too long, reducing by 10 to 3490
LCD display : 10/12   15:06:23 -- 0123456789ABCDEF
CHECK ALL DHT
SHED : 87.44*F 
HEATSINK : ERR*F 
SAND : ERR*F 
RESERVOIR : ERR*F 
ROOF : 108.50*F 
AMBIENT : 80.06*F 
evaluateRule: invalid type... 7 3 4 
evaluateRule: invalid type... 7 2 3 
5 done rules...
counterHigh:  9 - seconds 23 / 25 - Sat 2024/10/12 15:06:25
Secondloop too long, reducing by 10 to 3480
counterHigh:  8 - seconds 25 / 26 - Sat 2024/10/12 15:06:26
counterHigh:  7 - seconds 26 / 27 - Sat 2024/10/12 15:06:27
counterHigh:  6 - seconds 27 / 27 - Sat 2024/10/12 15:06:27
Secondloop too short, increasing by 1 to 3481
counterHigh:  5 - seconds 27 / 28 - Sat 2024/10/12 15:06:28
counterHigh:  4 - seconds 28 / 29 - Sat 2024/10/12 15:06:29
counterHigh:  3 - seconds 29 / 30 - Sat 2024/10/12 15:06:30
counterHigh:  2 - seconds 30 / 31 - Sat 2024/10/12 15:06:31
counterHigh:  1 - seconds 31 / 32 - Sat 2024/10/12 15:06:32
counterHigh:  0 - seconds 32 / 33 - Sat 2024/10/12 15:06:33
LCD display : 10/12   15:06:33 -- 0123456789ABCDEF
CHECK ALL DHT
SHED : 87.44*F 
HEATSINK : ERR*F 
SAND : ERR*F 
RESERVOIR : ERR*F 
ROOF : 108.50*F 
AMBIENT : 80.06*F 
evaluateRule: invalid type... 7 3 4 
evaluateRule: invalid type... 7 2 3 
5 done rules...
counterHigh:  9 - seconds 33 / 34 - Sat 2024/10/12 15:06:34
counterHigh:  8 - seconds 34 / 35 - Sat 2024/10/12 15:06:35
counterHigh:  7 - seconds 35 / 36 - Sat 2024/10/12 15:06:36
counterHigh:  6 - seconds 36 / 37 - Sat 2024/10/12 15:06:37
counterHigh:  5 - seconds 37 / 38 - Sat 2024/10/12 15:06:38
counterHigh:  4 - seconds 38 / 38 - Sat 2024/10/12 15:06:38
Secondloop too short, increasing by 1 to 3482
counterHigh:  3 - seconds 38 / 39 - Sat 2024/10/12 15:06:39
counterHigh:  2 - seconds 39 / 40 - Sat 2024/10/12 15:06:40
counterHigh:  1 - seconds 40 / 41 - Sat 2024/10/12 15:06:41
counterHigh:  0 - seconds 41 / 42 - Sat 2024/10/12 15:06:42
LCD display : 10/12   15:06:42 -- 0123456789ABCDEF
CHECK ALL DHT
SHED : 87.44*F 
HEATSINK : ERR*F 
SAND : ERR*F 
RESERVOIR : ERR*F 
ROOF : 108.50*F 
AMBIENT : 80.06*F 
evaluateRule: invalid type... 7 3 4 
evaluateRule: invalid type... 7 2 3 
5 done rules...
counterHigh:  9 - seconds 42 / 43 - Sat 2024/10/12 15:06:43
counterHigh:  8 - seconds 43 / 44 - Sat 2024/10/12 15:06:44
counterHigh:  7 - seconds 44 / 45 - Sat 2024/10/12 15:06:45
counterHigh:  6 - seconds 45 / 46 - Sat 2024/10/12 15:06:46
counterHigh:  5 - seconds 46 / 47 - Sat 2024/10/12 15:06:47
counterHigh:  4 - seconds 47 / 48 - Sat 2024/10/12 15:06:48
counterHigh:  3 - seconds 48 / 49 - Sat 2024/10/12 15:06:49
counterHigh:  2 - seconds 49 / 49 - Sat 2024/10/12 15:06:49
Secondloop too short, increasing by 1 to 3483
counterHigh:  1 - seconds 49 / 50 - Sat 2024/10/12 15:06:50
counterHigh:  0 - seconds 50 / 51 - Sat 2024/10/12 15:06:51
LCD display : 10/12   15:06:51 -- 0123456789ABCDEF
CHECK ALL DHT
SHED : 87.44*F 
HEATSINK : ERR*F 
SAND : ERR*F 
RESERVOIR : ERR*F 
ROOF : 108.50*F 
AMBIENT : 80.06*F 
evaluateRule: invalid type... 7 3 4 
evaluateRule: invalid type... 7 2 3 
5 done rules...
counterHigh:  9 - seconds 51 / 53 - Sat 2024/10/12 15:06:53
Secondloop too long, reducing by 10 to 3473
counterHigh:  8 - seconds 53 / 53 - Sat 2024/10/12 15:06:53
Secondloop too short, increasing by 1 to 3474
counterHigh:  7 - seconds 53 / 54 - Sat 2024/10/12 15:06:54
counterHigh:  6 - seconds 54 / 55 - Sat 2024/10/12 15:06:55
counterHigh:  5 - seconds 55 / 56 - Sat 2024/10/12 15:06:56
counterHigh:  4 - seconds 56 / 57 - Sat 2024/10/12 15:06:57
counterHigh:  3 - seconds 57 / 58 - Sat 2024/10/12 15:06:58
counterHigh:  2 - seconds 58 / 59 - Sat 2024/10/12 15:06:59
counterHigh:  1 - seconds 59 /  0 - Sat 2024/10/12 15:07:00
Secondloop on target - 3474
counterHigh:  0 - seconds  0 /  1 - Sat 2024/10/12 15:07:01
LCD display : 10/12   15:07:01 -- 0123456789ABCDEF
CHECK ALL DHT
SHED : 87.44*F 
HEATSINK : ERR*F 
SAND : ERR*F 
RESERVOIR : ERR*F 
ROOF : 108.50*F 
AMBIENT : 80.06*F 
evaluateRule: invalid type... 7 3 4 
evaluateRule: invalid type... 7 2 3 
5 done rules...
counterHigh:  9 - seconds  1 /  2 - Sat 2024/10/12 15:07:02
counterHigh:  8 - seconds  2 /  3 - Sat 2024/10/12 15:07:03
counterHigh:  7 - seconds  3 /  4 - Sat 2024/10/12 15:07:04
counterHigh:  6 - seconds  4 /  5 - Sat 2024/10/12 15:07:05
counterHigh:  5 - seconds  5 /  5 - Sat 2024/10/12 15:07:05
Secondloop too short, increasing by 1 to 3475
counterHigh:  4 - seconds  5 /  6 - Sat 2024/10/12 15:07:06
counterHigh:  3 - seconds  6 /  7 - Sat 2024/10/12 15:07:07
counterHigh:  2 - seconds  7 /  8 - Sat 2024/10/12 15:07:08
counterHigh:  1 - seconds  8 /  9 - Sat 2024/10/12 15:07:09
counterHigh:  0 - seconds  9 / 10 - Sat 2024/10/12 15:07:10
LCD display : 10/12   15:07:10 -- 0123456789ABCDEF
CHECK ALL DHT
SHED : 87.44*F 
HEATSINK : ERR*F 
SAND : ERR*F 
RESERVOIR : ERR*F 
ROOF : 108.50*F 
AMBIENT : 80.06*F 
evaluateRule: invalid type... 7 3 4 
evaluateRule: invalid type... 7 2 3 
5 done rules...
counterHigh:  9 - seconds 10 / 11 - Sat 2024/10/12 15:07:11
counterHigh:  8 - seconds 11 / 12 - Sat 2024/10/12 15:07:12
counterHigh:  7 - seconds 12 / 13 - Sat 2024/10/12 15:07:13
counterHigh:  6 - seconds 13 / 14 - Sat 2024/10/12 15:07:14
counterHigh:  5 - seconds 14 / 15 - Sat 2024/10/12 15:07:15
counterHigh:  4 - seconds 15 / 16 - Sat 2024/10/12 15:07:16
counterHigh:  3 - seconds 16 / 16 - Sat 2024/10/12 15:07:16
Secondloop too short, increasing by 1 to 3476
counterHigh:  2 - seconds 16 / 17 - Sat 2024/10/12 15:07:17
counterHigh:  1 - seconds 17 / 18 - Sat 2024/10/12 15:07:18
counterHigh:  0 - seconds 18 / 19 - Sat 2024/10/12 15:07:19
LCD display : 10/12   15:07:19 -- 0123456789ABCDEF
CHECK ALL DHT
SHED : 87.44*F 
HEATSINK : ERR*F 
SAND : ERR*F 
RESERVOIR : ERR*F 
ROOF : 108.50*F 
AMBIENT : 80.06*F 
evaluateRule: invalid type... 7 3 4 
evaluateRule: invalid type... 7 2 3 
5 done rules...
counterHigh:  9 - seconds 19 / 20 - Sat 2024/10/12 15:07:20
counterHigh:  8 - seconds 20 / 21 - Sat 2024/10/12 15:07:21
counterHigh:  7 - seconds 21 / 22 - Sat 2024/10/12 15:07:22
counterHigh:  6 - seconds 22 / 23 - Sat 2024/10/12 15:07:23
counterHigh:  5 - seconds 23 / 24 - Sat 2024/10/12 15:07:24
counterHigh:  4 - seconds 24 / 25 - Sat 2024/10/12 15:07:25
counterHigh:  3 - seconds 25 / 26 - Sat 2024/10/12 15:07:26
counterHigh:  2 - seconds 26 / 27 - Sat 2024/10/12 15:07:27
counterHigh:  1 - seconds 27 / 27 - Sat 2024/10/12 15:07:27
Secondloop too short, increasing by 1 to 3477
counterHigh:  0 - seconds 27 / 28 - Sat 2024/10/12 15:07:28
LCD display : 10/12   15:07:28 -- 0123456789ABCDEF
CHECK ALL DHT
SHED : 87.44*F 
HEATSINK : ERR*F 
SAND : ERR*F 
RESERVOIR : ERR*F 
ROOF : 108.50*F 
AMBIENT : 80.06*F 
evaluateRule: invalid type... 7 3 4 
evaluateRule: invalid type... 7 2 3 
5 done rules...
counterHigh:  9 - seconds 28 / 30 - Sat 2024/10/12 15:07:30
Secondloop too long, reducing by 10 to 3467
counterHigh:  8 - seconds 30 / 31 - Sat 2024/10/12 15:07:31
counterHigh:  7 - seconds 31 / 31 - Sat 2024/10/12 15:07:31
Secondloop too short, increasing by 1 to 3468
counterHigh:  6 - seconds 31 / 32 - Sat 2024/10/12 15:07:32
counterHigh:  5 - seconds 32 / 33 - Sat 2024/10/12 15:07:33
counterHigh:  4 - seconds 33 / 34 - Sat 2024/10/12 15:07:34
counterHigh:  3 - seconds 34 / 35 - Sat 2024/10/12 15:07:35
counterHigh:  2 - seconds 35 / 36 - Sat 2024/10/12 15:07:36
counterHigh:  1 - seconds 36 / 37 - Sat 2024/10/12 15:07:37
counterHigh:  0 - seconds 37 / 38 - Sat 2024/10/12 15:07:38
LCD display : 10/12   15:07:38 -- 0123456789ABCDEF
CHECK ALL DHT
SHED : 87.44*F 
HEATSINK : ERR*F 
SAND : ERR*F 
RESERVOIR : ERR*F 
ROOF : 108.50*F 
AMBIENT : 80.06*F 
evaluateRule: invalid type... 7 3 4 
evaluateRule: invalid type... 7 2 3 
5 done rules...
counterHigh:  9 - seconds 38 / 39 - Sat 2024/10/12 15:07:39
counterHigh:  8 - seconds 39 / 40 - Sat 2024/10/12 15:07:40
counterHigh:  7 - seconds 40 / 41 - Sat 2024/10/12 15:07:41
counterHigh:  6 - seconds 41 / 42 - Sat 2024/10/12 15:07:42
counterHigh:  5 - seconds 42 / 42 - Sat 2024/10/12 15:07:42
Secondloop too short, increasing by 1 to 3469
counterHigh:  4 - seconds 42 / 43 - Sat 2024/10/12 15:07:43
counterHigh:  3 - seconds 43 / 44 - Sat 2024/10/12 15:07:44
counterHigh:  2 - seconds 44 / 45 - Sat 2024/10/12 15:07:45
counterHigh:  1 - seconds 45 / 46 - Sat 2024/10/12 15:07:46
counterHigh:  0 - seconds 46 / 47 - Sat 2024/10/12 15:07:47
LCD display : 10/12   15:07:47 -- 0123456789ABCDEF
CHECK ALL DHT
SHED : 87.44*F 
HEATSINK : ERR*F 
SAND : ERR*F 
RESERVOIR : ERR*F 
ROOF : 108.50*F 
AMBIENT : 80.06*F 
evaluateRule: invalid type... 7 3 4 
evaluateRule: invalid type... 7 2 3 
5 done rules...
counterHigh:  9 - seconds 47 / 48 - Sat 2024/10/12 15:07:48
counterHigh:  8 - seconds 48 / 49 - Sat 2024/10/12 15:07:49
counterHigh:  7 - seconds 49 / 50 - Sat 2024/10/12 15:07:50
counterHigh:  6 - seconds 50 / 51 - Sat 2024/10/12 15:07:51
counterHigh:  5 - seconds 51 / 52 - Sat 2024/10/12 15:07:52
counterHigh:  4 - seconds 52 / 53 - Sat 2024/10/12 15:07:53
counterHigh:  3 - seconds 53 / 54 - Sat 2024/10/12 15:07:54
counterHigh:  2 - seconds 54 / 54 - Sat 2024/10/12 15:07:54
Secondloop too short, increasing by 1 to 3470
counterHigh:  1 - seconds 54 / 55 - Sat 2024/10/12 15:07:55
counterHigh:  0 - seconds 55 / 56 - Sat 2024/10/12 15:07:56
LCD display : 10/12   15:07:56 -- 0123456789ABCDEF
CHECK ALL DHT
SHED : 87.44*F 
HEATSINK : ERR*F 
SAND : ERR*F 
RESERVOIR : ERR*F 
ROOF : 108.50*F 
AMBIENT : 80.06*F 
evaluateRule: invalid type... 7 3 4 
evaluateRule: invalid type... 7 2 3 
5 done rules...
counterHigh:  9 - seconds 56 / 57 - Sat 2024/10/12 15:07:57
counterHigh:  8 - seconds 57 / 58 - Sat 2024/10/12 15:07:58
counterHigh:  7 - seconds 58 / 59 - Sat 2024/10/12 15:07:59
counterHigh:  6 - seconds 59 /  0 - Sat 2024/10/12 15:08:00
Secondloop on target - 3470
counterHigh:  5 - seconds  0 /  1 - Sat 2024/10/12 15:08:01
counterHigh:  4 - seconds  1 /  2 - Sat 2024/10/12 15:08:02
counterHigh:  3 - seconds  2 /  3 - Sat 2024/10/12 15:08:03
counterHigh:  2 - seconds  3 /  4 - Sat 2024/10/12 15:08:04
counterHigh:  1 - seconds  4 /  5 - Sat 2024/10/12 15:08:05
counterHigh:  0 - seconds  5 /  5 - Sat 2024/10/12 15:08:05
Secondloop too short, increasing by 1 to 3471
LCD display : 10/12   15:08:05 -- 0123456789ABCDEF
CHECK ALL DHT
SHED : 87.44*F 
HEATSINK : ERR*F 
SAND : ERR*F 
RESERVOIR : ERR*F 
ROOF : 108.50*F 
AMBIENT : 80.06*F 
evaluateRule: invalid type... 7 3 4 
evaluateRule: invalid type... 7 2 3 
5 done rules...
counterHigh:  9 - seconds  5 /  7 - Sat 2024/10/12 15:08:07
Secondloop too long, reducing by 10 to 3461
counterHigh:  8 - seconds  7 /  8 - Sat 2024/10/12 15:08:08
counterHigh:  7 - seconds  8 /  9 - Sat 2024/10/12 15:08:09
counterHigh:  6 - seconds  9 /  9 - Sat 2024/10/12 15:08:09
Secondloop too short, increasing by 1 to 3462
counterHigh:  5 - seconds  9 / 10 - Sat 2024/10/12 15:08:10
counterHigh:  4 - seconds 10 / 11 - Sat 2024/10/12 15:08:11
counterHigh:  3 - seconds 11 / 12 - Sat 2024/10/12 15:08:12
counterHigh:  2 - seconds 12 / 13 - Sat 2024/10/12 15:08:13
counterHigh:  1 - seconds 13 / 14 - Sat 2024/10/12 15:08:14
counterHigh:  0 - seconds 14 / 15 - Sat 2024/10/12 15:08:15
LCD display : 10/12   15:08:15 -- 0123456789ABCDEF
CHECK ALL DHT
SHED : 86.54*F 
HEATSINK : ERR*F 
SAND : ERR*F 
RESERVOIR : ERR*F 
ROOF : 108.50*F 
AMBIENT : 80.06*F 
evaluateRule: invalid type... 7 3 4 
evaluateRule: invalid type... 7 2 3 
5 done rules...
counterHigh:  9 - seconds 15 / 16 - Sat 2024/10/12 15:08:16
counterHigh:  8 - seconds 16 / 17 - Sat 2024/10/12 15:08:17
counterHigh:  7 - seconds 17 / 18 - Sat 2024/10/12 15:08:18
counterHigh:  6 - seconds 18 / 19 - Sat 2024/10/12 15:08:19
counterHigh:  5 - seconds 19 / 20 - Sat 2024/10/12 15:08:20
counterHigh:  4 - seconds 20 / 20 - Sat 2024/10/12 15:08:20
Secondloop too short, increasing by 1 to 3463
counterHigh:  3 - seconds 20 / 21 - Sat 2024/10/12 15:08:21
counterHigh:  2 - seconds 21 / 22 - Sat 2024/10/12 15:08:22
