strTimeStamp: 18:17:47 
init...
splash screen - hit any button
drawTextScreen : line 0 - 0123456789ABCDEF0123
drawTextScreen : line 1 - --------------------
drawTextScreen : line 2 - This is just a small
drawTextScreen : line 3 - test, trying to put 
drawTextScreen : line 4 - text to the OLED.   
drawTextScreen : line 5 -                     
drawTextScreen : line 6 - This is ONLY A TEST!
drawTextScreen : line 7 - ....................
text screen test - hit any button
init relay 0 : 12 d/%02d/%02d %2d:%02d:%02d LOOP PUMP
drawTextScreen : line 2 - This is just a small
drawTextScreen : line 3 - test, trying to put 
drawTextScreen : line 4 - text to the OLED.   
drawTextScreen : line 5 -                     
drawTextScreen : line 6 - This is ONLY A TEST!
drawTextScreen : line 7 - ....................
drawTextScreen : line 0 - init relay 0 : 12 d/
drawTextScreen : line 1 - LOOP PUMP
init relay 1 : 11 d/%02d/%02d %2d:%02d:%02d XFER PUMP
drawTextScreen : line 4 - text to the OLED.   
drawTextScreen : line 5 -                     
drawTextScreen : line 6 - This is ONLY A TEST!
drawTextScreen : line 7 - ....................
drawTextScreen : line 0 - init relay 0 : 12 d/
drawTextScreen : line 1 - LOOP PUMP
drawTextScreen : line 2 - init relay 1 : 11 d/
drawTextScreen : line 3 - XFER PUMP
init relay 2 : 10 d/%02d/%02d %2d:%02d:%02d HEAT FAN
drawTextScreen : line 6 - This is ONLY A TEST!
drawTextScreen : line 7 - ....................
drawTextScreen : line 0 - init relay 0 : 12 d/
drawTextScreen : line 1 - LOOP PUMP
drawTextScreen : line 2 - init relay 1 : 11 d/
drawTextScreen : line 3 - XFER PUMP
drawTextScreen : line 4 - init relay 2 : 10 d/
drawTextScreen : line 5 - HEAT FAN
init relay 3 : 9 d/%02d/%02d %2d:%02d:%02d 12V DC HEAT
drawTextScreen : line 0 - init relay 0 : 12 d/
drawTextScreen : line 1 - LOOP PUMP
drawTextScreen : line 2 - init relay 1 : 11 d/
drawTextScreen : line 3 - XFER PUMP
drawTextScreen : line 4 - init relay 2 : 10 d/
drawTextScreen : line 5 - HEAT FAN
drawTextScreen : line 6 - init relay 3 : 9 d/%
drawTextScreen : line 7 - 12V DC HEAT
Done relays..
drawTextScreen : line 1 - LOOP PUMP
drawTextScreen : line 2 - init relay 1 : 11 d/
drawTextScreen : line 3 - XFER PUMP
drawTextScreen : line 4 - init relay 2 : 10 d/
drawTextScreen : line 5 - HEAT FAN
drawTextScreen : line 6 - init relay 3 : 9 d/%
drawTextScreen : line 7 - 12V DC HEAT
drawTextScreen : line 0 - Done relays...
init temp 0 : 12 SHED
drawTextScreen : line 3 - XFER PUMP
drawTextScreen : line 4 - init relay 2 : 10 d/
drawTextScreen : line 5 - HEAT FAN
drawTextScreen : line 6 - init relay 3 : 9 d/%
drawTextScreen : line 7 - 12V DC HEAT
drawTextScreen : line 0 - Done relays...
drawTextScreen : line 1 - init temp 0 : 12 
drawTextScreen : line 2 - SHED
81.68
drawTextScreen : line 4 - init relay 2 : 10 d/
drawTextScreen : line 5 - HEAT FAN
drawTextScreen : line 6 - init relay 3 : 9 d/%
drawTextScreen : line 7 - 12V DC HEAT
drawTextScreen : line 0 - Done relays...
drawTextScreen : line 1 - init temp 0 : 12 
drawTextScreen : line 2 - SHED
drawTextScreen : line 3 - 81.68
init temp 1 : 11 HEATSINK
drawTextScreen : line 6 - init relay 3 : 9 d/%
drawTextScreen : line 7 - 12V DC HEAT
drawTextScreen : line 0 - Done relays...
drawTextScreen : line 1 - init temp 0 : 12 
drawTextScreen : line 2 - SHED
drawTextScreen : line 3 - 81.68
drawTextScreen : line 4 - init temp 1 : 11 
drawTextScreen : line 5 - HEATSINK
ERROR!
ERR
drawTextScreen : line 7 - 12V DC HEAT
drawTextScreen : line 0 - Done relays...
drawTextScreen : line 1 - init temp 0 : 12 
drawTextScreen : line 2 - SHED
drawTextScreen : line 3 - 81.68
drawTextScreen : line 4 - init temp 1 : 11 
drawTextScreen : line 5 - HEATSINK
drawTextScreen : line 6 - ERR
init temp 2 : 10 SAND
drawTextScreen : line 1 - init temp 0 : 12 
drawTextScreen : line 2 - SHED
drawTextScreen : line 3 - 81.68
drawTextScreen : line 4 - init temp 1 : 11 
drawTextScreen : line 5 - HEATSINK
drawTextScreen : line 6 - ERR
drawTextScreen : line 7 - init temp 2 : 10 
drawTextScreen : line 0 - SAND
ERROR!
ERR
drawTextScreen : line 2 - SHED
drawTextScreen : line 3 - 81.68
drawTextScreen : line 4 - init temp 1 : 11 
drawTextScreen : line 5 - HEATSINK
drawTextScreen : line 6 - ERR
drawTextScreen : line 7 - init temp 2 : 10 
drawTextScreen : line 0 - SAND
drawTextScreen : line 1 - ERR
init temp 3 : 9 RESERVOIR
drawTextScreen : line 4 - init temp 1 : 11 
drawTextScreen : line 5 - HEATSINK
drawTextScreen : line 6 - ERR
drawTextScreen : line 7 - init temp 2 : 10 
drawTextScreen : line 0 - SAND
drawTextScreen : line 1 - ERR
drawTextScreen : line 2 - init temp 3 : 9 
drawTextScreen : line 3 - RESERVOIR
ERROR!
ERR
drawTextScreen : line 5 - HEATSINK
drawTextScreen : line 6 - ERR
drawTextScreen : line 7 - init temp 2 : 10 
drawTextScreen : line 0 - SAND
drawTextScreen : line 1 - ERR
drawTextScreen : line 2 - init temp 3 : 9 
drawTextScreen : line 3 - RESERVOIR
drawTextScreen : line 4 - ERR
init temp 4 : 78 ROOF
drawTextScreen : line 7 - init temp 2 : 10 
drawTextScreen : line 0 - SAND
drawTextScreen : line 1 - ERR
drawTextScreen : line 2 - init temp 3 : 9 
drawTextScreen : line 3 - RESERVOIR
drawTextScreen : line 4 - ERR
drawTextScreen : line 5 - init temp 4 : 78 
drawTextScreen : line 6 - ROOF
ERROR!
ERR
drawTextScreen : line 0 - SAND
drawTextScreen : line 1 - ERR
drawTextScreen : line 2 - init temp 3 : 9 
drawTextScreen : line 3 - RESERVOIR
drawTextScreen : line 4 - ERR
drawTextScreen : line 5 - init temp 4 : 78 
drawTextScreen : line 6 - ROOF
drawTextScreen : line 7 - ERR
init temp 5 : 2 AMBIENT
drawTextScreen : line 2 - init temp 3 : 9 
drawTextScreen : line 3 - RESERVOIR
drawTextScreen : line 4 - ERR
drawTextScreen : line 5 - init temp 4 : 78 
drawTextScreen : line 6 - ROOF
drawTextScreen : line 7 - ERR
drawTextScreen : line 0 - init temp 5 : 2 
drawTextScreen : line 1 - AMBIENT
80.06
drawTextScreen : line 3 - RESERVOIR
drawTextScreen : line 4 - ERR
drawTextScreen : line 5 - init temp 4 : 78 
drawTextScreen : line 6 - ROOF
drawTextScreen : line 7 - ERR
drawTextScreen : line 0 - init temp 5 : 2 
drawTextScreen : line 1 - AMBIENT
drawTextScreen : line 2 - 80.06
drawTextScreen : line 6 - ROOF
drawTextScreen : line 7 - ERR
drawTextScreen : line 0 - init temp 5 : 2 
drawTextScreen : line 1 - AMBIENT
drawTextScreen : line 2 - 80.06
drawTextScreen : line 3 -  
drawTextScreen : line 4 - Done DHTs...
drawTextScreen : line 5 -  
SYSTEM INIT DONE!
switching mode from -1 to 0
counterHigh:  0 - seconds  0 / 56 - Thu 2024/10/10 18:17:56
Secondloop too long, reducing by 10 to 3490
LCD display : 10/10   18:17:56 -- 0123456789ABCDEF
CHECK ALL DHT
SHED : 81.68*F 
HEATSINK : ERR*F 
SAND : ERR*F 
RESERVOIR : ERR*F 
ROOF : ERR*F 
AMBIENT : 80.06*F 
evaluateRule: invalid type... 7 3 4 
evaluateRule: invalid type... 7 2 3 
5 done rules...
counterHigh:  9 - seconds 56 / 58 - Thu 2024/10/10 18:17:58
Secondloop too long, reducing by 10 to 3480
counterHigh:  8 - seconds 58 / 59 - Thu 2024/10/10 18:17:59
counterHigh:  7 - seconds 59 /  0 - Thu 2024/10/10 18:18:00
Secondloop on target - 3480
counterHigh:  6 - seconds  0 /  1 - Thu 2024/10/10 18:18:01
counterHigh:  5 - seconds  1 /  1 - Thu 2024/10/10 18:18:01
Secondloop too short, increasing by 1 to 3481
counterHigh:  4 - seconds  1 /  2 - Thu 2024/10/10 18:18:02
counterHigh:  3 - seconds  2 /  3 - Thu 2024/10/10 18:18:03
counterHigh:  2 - seconds  3 /  4 - Thu 2024/10/10 18:18:04
counterHigh:  1 - seconds  4 /  5 - Thu 2024/10/10 18:18:05
counterHigh:  0 - seconds  5 /  6 - Thu 2024/10/10 18:18:06
LCD display : 10/10   18:18:06 -- 0123456789ABCDEF
CHECK ALL DHT
SHED : 81.68*F 
HEATSINK : ERR*F 
SAND : ERR*F 
RESERVOIR : ERR*F 
ROOF : ERR*F 
AMBIENT : 80.06*F 
evaluateRule: invalid type... 7 3 4 
evaluateRule: invalid type... 7 2 3 
5 done rules...
counterHigh:  9 - seconds  6 /  7 - Thu 2024/10/10 18:18:07
counterHigh:  8 - seconds  7 /  8 - Thu 2024/10/10 18:18:08
counterHigh:  7 - seconds  8 /  9 - Thu 2024/10/10 18:18:09
counterHigh:  6 - seconds  9 / 10 - Thu 2024/10/10 18:18:10
counterHigh:  5 - seconds 10 / 11 - Thu 2024/10/10 18:18:11
counterHigh:  4 - seconds 11 / 12 - Thu 2024/10/10 18:18:12
counterHigh:  3 - seconds 12 / 12 - Thu 2024/10/10 18:18:12
Secondloop too short, increasing by 1 to 3482
counterHigh:  2 - seconds 12 / 13 - Thu 2024/10/10 18:18:13
counterHigh:  1 - seconds 13 / 14 - Thu 2024/10/10 18:18:14
counterHigh:  0 - seconds 14 / 15 - Thu 2024/10/10 18:18:15
LCD display : 10/10   18:18:15 -- 0123456789ABCDEF
CHECK ALL DHT
SHED : 81.50*F 
HEATSINK : ERR*F 
SAND : ERR*F 
RESERVOIR : ERR*F 
ROOF : ERR*F 
AMBIENT : 80.06*F 
evaluateRule: invalid type... 7 3 4 
evaluateRule: invalid type... 7 2 3 
5 done rules...
counterHigh:  9 - seconds 15 / 16 - Thu 2024/10/10 18:18:16
counterHigh:  8 - seconds 16 / 17 - Thu 2024/10/10 18:18:17
counterHigh:  7 - seconds 17 / 18 - Thu 2024/10/10 18:18:18
counterHigh:  6 - seconds 18 / 19 - Thu 2024/10/10 18:18:19
counterHigh:  5 - seconds 19 / 20 - Thu 2024/10/10 18:18:20
counterHigh:  4 - seconds 20 / 21 - Thu 2024/10/10 18:18:21
counterHigh:  3 - seconds 21 / 22 - Thu 2024/10/10 18:18:22
counterHigh:  2 - seconds 22 / 23 - Thu 2024/10/10 18:18:23
counterHigh:  1 - seconds 23 / 24 - Thu 2024/10/10 18:18:24
counterHigh:  0 - seconds 24 / 24 - Thu 2024/10/10 18:18:24
Secondloop too short, increasing by 1 to 3483
LCD display : 10/10   18:18:24 -- 0123456789ABCDEF
CHECK ALL DHT
SHED : 80.96*F 
HEATSINK : ERR*F 
SAND : ERR*F 
RESERVOIR : ERR*F 
ROOF : ERR*F 
AMBIENT : 80.06*F 
evaluateRule: invalid type... 7 3 4 
evaluateRule: invalid type... 7 2 3 
5 done rules...
counterHigh:  9 - seconds 24 / 26 - Thu 2024/10/10 18:18:26
Secondloop too long, reducing by 10 to 3473
counterHigh:  8 - seconds 26 / 27 - Thu 2024/10/10 18:18:27
counterHigh:  7 - seconds 27 / 28 - Thu 2024/10/10 18:18:28
counterHigh:  6 - seconds 28 / 28 - Thu 2024/10/10 18:18:28
Secondloop too short, increasing by 1 to 3474
counterHigh:  5 - seconds 28 / 29 - Thu 2024/10/10 18:18:29
counterHigh:  4 - seconds 29 / 30 - Thu 2024/10/10 18:18:30
counterHigh:  3 - seconds 30 / 31 - Thu 2024/10/10 18:18:31
counterHigh:  2 - seconds 31 / 32 - Thu 2024/10/10 18:18:32
counterHigh:  1 - seconds 32 / 33 - Thu 2024/10/10 18:18:33
counterHigh:  0 - seconds 33 / 34 - Thu 2024/10/10 18:18:34
LCD display : 10/10   18:18:34 -- 0123456789ABCDEF
CHECK ALL DHT
SHED : 80.78*F 
HEATSINK : ERR*F 
SAND : ERR*F 
RESERVOIR : ERR*F 
ROOF : ERR*F 
AMBIENT : 80.06*F 
evaluateRule: invalid type... 7 3 4 
evaluateRule: invalid type... 7 2 3 
5 done rules...
counterHigh:  9 - seconds 34 / 35 - Thu 2024/10/10 18:18:35
counterHigh:  8 - seconds 35 / 36 - Thu 2024/10/10 18:18:36
counterHigh:  7 - seconds 36 / 37 - Thu 2024/10/10 18:18:37
counterHigh:  6 - seconds 37 / 38 - Thu 2024/10/10 18:18:38
counterHigh:  5 - seconds 38 / 39 - Thu 2024/10/10 18:18:39
counterHigh:  4 - seconds 39 / 39 - Thu 2024/10/10 18:18:39
Secondloop too short, increasing by 1 to 3475
counterHigh:  3 - seconds 39 / 40 - Thu 2024/10/10 18:18:40
counterHigh:  2 - seconds 40 / 41 - Thu 2024/10/10 18:18:41
counterHigh:  1 - seconds 41 / 42 - Thu 2024/10/10 18:18:42
counterHigh:  0 - seconds 42 / 43 - Thu 2024/10/10 18:18:43
LCD display : 10/10   18:18:43 -- 0123456789ABCDEF
CHECK ALL DHT
SHED : 80.78*F 
HEATSINK : ERR*F 
SAND : ERR*F 
RESERVOIR : ERR*F 
ROOF : ERR*F 
AMBIENT : 80.06*F 
evaluateRule: invalid type... 7 3 4 
evaluateRule: invalid type... 7 2 3 
5 done rules...
counterHigh:  9 - seconds 43 / 44 - Thu 2024/10/10 18:18:44
counterHigh:  8 - seconds 44 / 45 - Thu 2024/10/10 18:18:45
counterHigh:  7 - seconds 45 / 46 - Thu 2024/10/10 18:18:46
counterHigh:  6 - seconds 46 / 47 - Thu 2024/10/10 18:18:47
counterHigh:  5 - seconds 47 / 48 - Thu 2024/10/10 18:18:48
counterHigh:  4 - seconds 48 / 49 - Thu 2024/10/10 18:18:49
counterHigh:  3 - seconds 49 / 50 - Thu 2024/10/10 18:18:50
counterHigh:  2 - seconds 50 / 51 - Thu 2024/10/10 18:18:51
counterHigh:  1 - seconds 51 / 51 - Thu 2024/10/10 18:18:51
Secondloop too short, increasing by 1 to 3476
counterHigh:  0 - seconds 51 / 52 - Thu 2024/10/10 18:18:52
LCD display : 10/10   18:18:52 -- 0123456789ABCDEF
CHECK ALL DHT
SHED : 80.78*F 
HEATSINK : ERR*F 
SAND : ERR*F 
RESERVOIR : ERR*F 
ROOF : ERR*F 
AMBIENT : 80.06*F 
evaluateRule: invalid type... 7 3 4 
evaluateRule: invalid type... 7 2 3 
5 done rules...
counterHigh:  9 - seconds 52 / 54 - Thu 2024/10/10 18:18:54
Secondloop too long, reducing by 10 to 3466
counterHigh:  8 - seconds 54 / 55 - Thu 2024/10/10 18:18:55
counterHigh:  7 - seconds 55 / 55 - Thu 2024/10/10 18:18:55
Secondloop too short, increasing by 1 to 3467
counterHigh:  6 - seconds 55 / 56 - Thu 2024/10/10 18:18:56
counterHigh:  5 - seconds 56 / 57 - Thu 2024/10/10 18:18:57
counterHigh:  4 - seconds 57 / 58 - Thu 2024/10/10 18:18:58
counterHigh:  3 - seconds 58 / 59 - Thu 2024/10/10 18:18:59
counterHigh:  2 - seconds 59 /  0 - Thu 2024/10/10 18:19:00
Secondloop on target - 3467
counterHigh:  1 - seconds  0 /  1 - Thu 2024/10/10 18:19:01
counterHigh:  0 - seconds  1 /  2 - Thu 2024/10/10 18:19:02
LCD display : 10/10   18:19:02 -- 0123456789ABCDEF
CHECK ALL DHT
SHED : 80.78*F 
HEATSINK : ERR*F 
SAND : ERR*F 
RESERVOIR : ERR*F 
ROOF : ERR*F 
AMBIENT : 80.06*F 
evaluateRule: invalid type... 7 3 4 
evaluateRule: invalid type... 7 2 3 
5 done rules...
counterHigh:  9 - seconds  2 /  3 - Thu 2024/10/10 18:19:03
counterHigh:  8 - seconds  3 /  4 - Thu 2024/10/10 18:19:04
counterHigh:  7 - seconds  4 /  5 - Thu 2024/10/10 18:19:05
counterHigh:  6 - seconds  5 /  6 - Thu 2024/10/10 18:19:06
counterHigh:  5 - seconds  6 /  7 - Thu 2024/10/10 18:19:07
counterHigh:  4 - seconds  7 /  7 - Thu 2024/10/10 18:19:07
Secondloop too short, increasing by 1 to 3468
counterHigh:  3 - seconds  7 /  8 - Thu 2024/10/10 18:19:08
counterHigh:  2 - seconds  8 /  9 - Thu 2024/10/10 18:19:09
counterHigh:  1 - seconds  9 / 10 - Thu 2024/10/10 18:19:10
counterHigh:  0 - seconds 10 / 11 - Thu 2024/10/10 18:19:11
LCD display : 10/10   18:19:11 -- 0123456789ABCDEF
CHECK ALL DHT
SHED : 80.78*F 
HEATSINK : ERR*F 
SAND : ERR*F 
RESERVOIR : ERR*F 
ROOF : ERR*F 
AMBIENT : 80.06*F 
evaluateRule: invalid type... 7 3 4 
evaluateRule: invalid type... 7 2 3 
5 done rules...
counterHigh:  9 - seconds 11 / 12 - Thu 2024/10/10 18:19:12
counterHigh:  8 - seconds 12 / 13 - Thu 2024/10/10 18:19:13
counterHigh:  7 - seconds 13 / 14 - Thu 2024/10/10 18:19:14
counterHigh:  6 - seconds 14 / 15 - Thu 2024/10/10 18:19:15
counterHigh:  5 - seconds 15 / 16 - Thu 2024/10/10 18:19:16
counterHigh:  4 - seconds 16 / 17 - Thu 2024/10/10 18:19:17
counterHigh:  3 - seconds 17 / 18 - Thu 2024/10/10 18:19:18
counterHigh:  2 - seconds 18 / 18 - Thu 2024/10/10 18:19:18
Secondloop too short, increasing by 1 to 3469
counterHigh:  1 - seconds 18 / 19 - Thu 2024/10/10 18:19:19
counterHigh:  0 - seconds 19 / 20 - Thu 2024/10/10 18:19:20
LCD display : 10/10   18:19:20 -- 0123456789ABCDEF
CHECK ALL DHT
SHED : 80.78*F 
HEATSINK : ERR*F 
SAND : ERR*F 
RESERVOIR : ERR*F 
ROOF : ERR*F 
AMBIENT : 80.06*F 
evaluateRule: invalid type... 7 3 4 
evaluateRule: invalid type... 7 2 3 
5 done rules...
counterHigh:  9 - seconds 20 / 22 - Thu 2024/10/10 18:19:22
Secondloop too long, reducing by 10 to 3459
counterHigh:  8 - seconds 22 / 22 - Thu 2024/10/10 18:19:22
Secondloop too short, increasing by 1 to 3460
counterHigh:  7 - seconds 22 / 23 - Thu 2024/10/10 18:19:23
counterHigh:  6 - seconds 23 / 24 - Thu 2024/10/10 18:19:24
counterHigh:  5 - seconds 24 / 25 - Thu 2024/10/10 18:19:25
counterHigh:  4 - seconds 25 / 26 - Thu 2024/10/10 18:19:26
counterHigh:  3 - seconds 26 / 27 - Thu 2024/10/10 18:19:27
counterHigh:  2 - seconds 27 / 28 - Thu 2024/10/10 18:19:28
counterHigh:  1 - seconds 28 / 29 - Thu 2024/10/10 18:19:29
counterHigh:  0 - seconds 29 / 30 - Thu 2024/10/10 18:19:30
LCD display : 10/10   18:19:30 -- 0123456789ABCDEF
CHECK ALL DHT
SHED : 80.78*F 
HEATSINK : ERR*F 
SAND : ERR*F 
RESERVOIR : ERR*F 
ROOF : ERR*F 
AMBIENT : 79.88*F 
evaluateRule: invalid type... 7 3 4 
evaluateRule: invalid type... 7 2 3 
5 done rules...
counterHigh:  9 - seconds 30 / 31 - Thu 2024/10/10 18:19:31
counterHigh:  8 - seconds 31 / 32 - Thu 2024/10/10 18:19:32
counterHigh:  7 - seconds 32 / 33 - Thu 2024/10/10 18:19:33
counterHigh:  6 - seconds 33 / 33 - Thu 2024/10/10 18:19:33
Secondloop too short, increasing by 1 to 3461
counterHigh:  5 - seconds 33 / 34 - Thu 2024/10/10 18:19:34
counterHigh:  4 - seconds 34 / 35 - Thu 2024/10/10 18:19:35
counterHigh:  3 - seconds 35 / 36 - Thu 2024/10/10 18:19:36
counterHigh:  2 - seconds 36 / 37 - Thu 2024/10/10 18:19:37
counterHigh:  1 - seconds 37 / 38 - Thu 2024/10/10 18:19:38
counterHigh:  0 - seconds 38 / 39 - Thu 2024/10/10 18:19:39
LCD display : 10/10   18:19:39 -- 0123456789ABCDEF
CHECK ALL DHT
SHED : 80.78*F 
HEATSINK : ERR*F 
SAND : ERR*F 
RESERVOIR : ERR*F 
ROOF : ERR*F 
AMBIENT : 79.34*F 
evaluateRule: invalid type... 7 3 4 
evaluateRule: invalid type... 7 2 3 
5 done rules...
counterHigh:  9 - seconds 39 / 40 - Thu 2024/10/10 18:19:40
counterHigh:  8 - seconds 40 / 41 - Thu 2024/10/10 18:19:41
counterHigh:  7 - seconds 41 / 42 - Thu 2024/10/10 18:19:42
counterHigh:  6 - seconds 42 / 43 - Thu 2024/10/10 18:19:43
counterHigh:  5 - seconds 43 / 44 - Thu 2024/10/10 18:19:44
counterHigh:  4 - seconds 44 / 45 - Thu 2024/10/10 18:19:45
counterHigh:  3 - seconds 45 / 45 - Thu 2024/10/10 18:19:45
Secondloop too short, increasing by 1 to 3462
counterHigh:  2 - seconds 45 / 46 - Thu 2024/10/10 18:19:46
counterHigh:  1 - seconds 46 / 47 - Thu 2024/10/10 18:19:47
counterHigh:  0 - seconds 47 / 48 - Thu 2024/10/10 18:19:48
LCD display : 10/10   18:19:48 -- 0123456789ABCDEF
CHECK ALL DHT
SHED : 80.78*F 
HEATSINK : ERR*F 
SAND : ERR*F 
RESERVOIR : ERR*F 
ROOF : ERR*F 
AMBIENT : 79.16*F 
evaluateRule: invalid type... 7 3 4 
evaluateRule: invalid type... 7 2 3 
5 done rules...
counterHigh:  9 - seconds 48 / 49 - Thu 2024/10/10 18:19:49
counterHigh:  8 - seconds 49 / 50 - Thu 2024/10/10 18:19:50
counterHigh:  7 - seconds 50 / 51 - Thu 2024/10/10 18:19:51
counterHigh:  6 - seconds 51 / 52 - Thu 2024/10/10 18:19:52
counterHigh:  5 - seconds 52 / 53 - Thu 2024/10/10 18:19:53
counterHigh:  4 - seconds 53 / 54 - Thu 2024/10/10 18:19:54
counterHigh:  3 - seconds 54 / 55 - Thu 2024/10/10 18:19:55
counterHigh:  2 - seconds 55 / 56 - Thu 2024/10/10 18:19:56
counterHigh:  1 - seconds 56 / 56 - Thu 2024/10/10 18:19:56
Secondloop too short, increasing by 1 to 3463
counterHigh:  0 - seconds 56 / 57 - Thu 2024/10/10 18:19:57
LCD display : 10/10   18:19:57 -- 0123456789ABCDEF
CHECK ALL DHT
SHED : 80.78*F 
HEATSINK : ERR*F 
SAND : ERR*F 
RESERVOIR : ERR*F 
ROOF : ERR*F 
AMBIENT : 79.16*F 
evaluateRule: invalid type... 7 3 4 
evaluateRule: invalid type... 7 2 3 
5 done rules...
counterHigh:  9 - seconds 57 / 59 - Thu 2024/10/10 18:19:59
Secondloop too long, reducing by 10 to 3453
counterHigh:  8 - seconds 59 /  0 - Thu 2024/10/10 18:20:00
Secondloop on target - 3453
counterHigh:  7 - seconds  0 /  0 - Thu 2024/10/10 18:20:00
Secondloop too short, increasing by 1 to 3454
counterHigh:  6 - seconds  0 /  1 - Thu 2024/10/10 18:20:01
counterHigh:  5 - seconds  1 /  2 - Thu 2024/10/10 18:20:02
counterHigh:  4 - seconds  2 /  3 - Thu 2024/10/10 18:20:03
counterHigh:  3 - seconds  3 /  4 - Thu 2024/10/10 18:20:04
counterHigh:  2 - seconds  4 /  5 - Thu 2024/10/10 18:20:05
counterHigh:  1 - seconds  5 /  6 - Thu 2024/10/10 18:20:06
counterHigh:  0 - seconds  6 /  7 - Thu 2024/10/10 18:20:07
LCD display : 10/10   18:20:07 -- 0123456789ABCDEF
CHECK ALL DHT
SHED : 80.78*F 
HEATSINK : ERR*F 
SAND : ERR*F 
RESERVOIR : ERR*F 
ROOF : ERR*F 
AMBIENT : 79.16*F 
evaluateRule: invalid type... 7 3 4 
evaluateRule: invalid type... 7 2 3 
5 done rules...
counterHigh:  9 - seconds  7 /  8 - Thu 2024/10/10 18:20:08
counterHigh:  8 - seconds  8 /  9 - Thu 2024/10/10 18:20:09
counterHigh:  7 - seconds  9 / 10 - Thu 2024/10/10 18:20:10
counterHigh:  6 - seconds 10 / 11 - Thu 2024/10/10 18:20:11
counterHigh:  5 - seconds 11 / 12 - Thu 2024/10/10 18:20:12
counterHigh:  4 - seconds 12 / 12 - Thu 2024/10/10 18:20:12
Secondloop too short, increasing by 1 to 3455
counterHigh:  3 - seconds 12 / 13 - Thu 2024/10/10 18:20:13
counterHigh:  2 - seconds 13 / 14 - Thu 2024/10/10 18:20:14
counterHigh:  1 - seconds 14 / 15 - Thu 2024/10/10 18:20:15
counterHigh:  0 - seconds 15 / 16 - Thu 2024/10/10 18:20:16
LCD display : 10/10   18:20:16 -- 0123456789ABCDEF
CHECK ALL DHT
SHED : 80.78*F 
HEATSINK : ERR*F 
SAND : ERR*F 
RESERVOIR : ERR*F 
ROOF : ERR*F 
AMBIENT : 79.16*F 
evaluateRule: invalid type... 7 3 4 
evaluateRule: invalid type... 7 2 3 
5 done rules...
counterHigh:  9 - seconds 16 / 17 - Thu 2024/10/10 18:20:17
counterHigh:  8 - seconds 17 / 18 - Thu 2024/10/10 18:20:18
counterHigh:  7 - seconds 18 / 19 - Thu 2024/10/10 18:20:19
counterHigh:  6 - seconds 19 / 20 - Thu 2024/10/10 18:20:20
counterHigh:  5 - seconds 20 / 21 - Thu 2024/10/10 18:20:21
counterHigh:  4 - seconds 21 / 22 - Thu 2024/10/10 18:20:22
counterHigh:  3 - seconds 22 / 23 - Thu 2024/10/10 18:20:23
counterHigh:  2 - seconds 23 / 23 - Thu 2024/10/10 18:20:23
Secondloop too short, increasing by 1 to 3456
counterHigh:  1 - seconds 23 / 24 - Thu 2024/10/10 18:20:24
counterHigh:  0 - seconds 24 / 25 - Thu 2024/10/10 18:20:25
LCD display : 10/10   18:20:25 -- 0123456789ABCDEF
CHECK ALL DHT
SHED : 80.78*F 
HEATSINK : ERR*F 
SAND : ERR*F 
RESERVOIR : ERR*F 
ROOF : ERR*F 
AMBIENT : 79.16*F 
evaluateRule: invalid type... 7 3 4 
evaluateRule: invalid type... 7 2 3 
5 done rules...
counterHigh:  9 - seconds 25 / 27 - Thu 2024/10/10 18:20:27
Secondloop too long, reducing by 10 to 3446
counterHigh:  8 - seconds 27 / 27 - Thu 2024/10/10 18:20:27
Secondloop too short, increasing by 1 to 3447
counterHigh:  7 - seconds 27 / 28 - Thu 2024/10/10 18:20:28
counterHigh:  6 - seconds 28 / 29 - Thu 2024/10/10 18:20:29
counterHigh:  5 - seconds 29 / 30 - Thu 2024/10/10 18:20:30
counterHigh:  4 - seconds 30 / 31 - Thu 2024/10/10 18:20:31
counterHigh:  3 - seconds 31 / 32 - Thu 2024/10/10 18:20:32
counterHigh:  2 - seconds 32 / 33 - Thu 2024/10/10 18:20:33
counterHigh:  1 - seconds 33 / 34 - Thu 2024/10/10 18:20:34
counterHigh:  0 - seconds 34 / 35 - Thu 2024/10/10 18:20:35
LCD display : 10/10   18:20:35 -- 0123456789ABCDEF
CHECK ALL DHT
SHED : 80.78*F 
HEATSINK : ERR*F 
SAND : ERR*F 
RESERVOIR : ERR*F 
ROOF : ERR*F 
AMBIENT : 79.16*F 
evaluateRule: invalid type... 7 3 4 
evaluateRule: invalid type... 7 2 3 
5 done rules...
counterHigh:  9 - seconds 35 / 36 - Thu 2024/10/10 18:20:36
counterHigh:  8 - seconds 36 / 37 - Thu 2024/10/10 18:20:37
counterHigh:  7 - seconds 37 / 38 - Thu 2024/10/10 18:20:38
counterHigh:  6 - seconds 38 / 38 - Thu 2024/10/10 18:20:38
Secondloop too short, increasing by 1 to 3448
counterHigh:  5 - seconds 38 / 39 - Thu 2024/10/10 18:20:39
counterHigh:  4 - seconds 39 / 40 - Thu 2024/10/10 18:20:40
counterHigh:  3 - seconds 40 / 41 - Thu 2024/10/10 18:20:41
counterHigh:  2 - seconds 41 / 42 - Thu 2024/10/10 18:20:42
counterHigh:  1 - seconds 42 / 43 - Thu 2024/10/10 18:20:43
counterHigh:  0 - seconds 43 / 44 - Thu 2024/10/10 18:20:44
LCD display : 10/10   18:20:44 -- 0123456789ABCDEF
CHECK ALL DHT
SHED : 80.78*F 
HEATSINK : ERR*F 
SAND : ERR*F 
RESERVOIR : ERR*F 
ROOF : ERR*F 
AMBIENT : 79.16*F 
evaluateRule: invalid type... 7 3 4 
evaluateRule: invalid type... 7 2 3 
5 done rules...
counterHigh:  9 - seconds 44 / 45 - Thu 2024/10/10 18:20:45
counterHigh:  8 - seconds 45 / 46 - Thu 2024/10/10 18:20:46
counterHigh:  7 - seconds 46 / 47 - Thu 2024/10/10 18:20:47
counterHigh:  6 - seconds 47 / 48 - Thu 2024/10/10 18:20:48
counterHigh:  5 - seconds 48 / 49 - Thu 2024/10/10 18:20:49
counterHigh:  4 - seconds 49 / 49 - Thu 2024/10/10 18:20:49
Secondloop too short, increasing by 1 to 3449
counterHigh:  3 - seconds 49 / 50 - Thu 2024/10/10 18:20:50
counterHigh:  2 - seconds 50 / 51 - Thu 2024/10/10 18:20:51
counterHigh:  1 - seconds 51 / 52 - Thu 2024/10/10 18:20:52
counterHigh:  0 - seconds 52 / 53 - Thu 2024/10/10 18:20:53
LCD display : 10/10   18:20:53 -- 0123456789ABCDEF
CHECK ALL DHT
SHED : 80.78*F 
HEATSINK : ERR*F 
SAND : ERR*F 
RESERVOIR : ERR*F 
ROOF : ERR*F 
AMBIENT : 79.16*F 
evaluateRule: invalid type... 7 3 4 
evaluateRule: invalid type... 7 2 3 
5 done rules...
counterHigh:  9 - seconds 53 / 54 - Thu 2024/10/10 18:20:54
counterHigh:  8 - seconds 54 / 55 - Thu 2024/10/10 18:20:55
counterHigh:  7 - seconds 55 / 56 - Thu 2024/10/10 18:20:56
counterHigh:  6 - seconds 56 / 57 - Thu 2024/10/10 18:20:57
counterHigh:  5 - seconds 57 / 58 - Thu 2024/10/10 18:20:58
counterHigh:  4 - seconds 58 / 59 - Thu 2024/10/10 18:20:59
counterHigh:  3 - seconds 59 /  0 - Thu 2024/10/10 18:21:00
Secondloop on target - 3449
counterHigh:  2 - seconds  0 /  1 - Thu 2024/10/10 18:21:01
counterHigh:  1 - seconds  1 /  1 - Thu 2024/10/10 18:21:01
Secondloop too short, increasing by 1 to 3450
counterHigh:  0 - seconds  1 /  2 - Thu 2024/10/10 18:21:02
LCD display : 10/10   18:21:02 -- 0123456789ABCDEF
CHECK ALL DHT
SHED : 80.78*F 
HEATSINK : ERR*F 
SAND : ERR*F 
RESERVOIR : ERR*F 
ROOF : ERR*F 
AMBIENT : 79.16*F 
evaluateRule: invalid type... 7 3 4 
evaluateRule: invalid type... 7 2 3 
5 done rules...
counterHigh:  9 - seconds  2 /  4 - Thu 2024/10/10 18:21:04
Secondloop too long, reducing by 10 to 3440
counterHigh:  8 - seconds  4 /  5 - Thu 2024/10/10 18:21:05
counterHigh:  7 - seconds  5 /  5 - Thu 2024/10/10 18:21:05
Secondloop too short, increasing by 1 to 3441
counterHigh:  6 - seconds  5 /  6 - Thu 2024/10/10 18:21:06
counterHigh:  5 - seconds  6 /  7 - Thu 2024/10/10 18:21:07
counterHigh:  4 - seconds  7 /  8 - Thu 2024/10/10 18:21:08
counterHigh:  3 - seconds  8 /  9 - Thu 2024/10/10 18:21:09
counterHigh:  2 - seconds  9 / 10 - Thu 2024/10/10 18:21:10
counterHigh:  1 - seconds 10 / 11 - Thu 2024/10/10 18:21:11
counterHigh:  0 - seconds 11 / 12 - Thu 2024/10/10 18:21:12
LCD display : 10/10   18:21:12 -- 0123456789ABCDEF
CHECK ALL DHT
SHED : 80.78*F 
HEATSINK : ERR*F 
SAND : ERR*F 
RESERVOIR : ERR*F 
ROOF : ERR*F 
AMBIENT : 79.16*F 
evaluateRule: invalid type... 7 3 4 
evaluateRule: invalid type... 7 2 3 
5 done rules...
counterHigh:  9 - seconds 12 / 13 - Thu 2024/10/10 18:21:13
counterHigh:  8 - seconds 13 / 14 - Thu 2024/10/10 18:21:14
counterHigh:  7 - seconds 14 / 15 - Thu 2024/10/10 18:21:15
counterHigh:  6 - seconds 15 / 16 - Thu 2024/10/10 18:21:16
counterHigh:  5 - seconds 16 / 16 - Thu 2024/10/10 18:21:16
Secondloop too short, increasing by 1 to 3442
counterHigh:  4 - seconds 16 / 17 - Thu 2024/10/10 18:21:17
counterHigh:  3 - seconds 17 / 18 - Thu 2024/10/10 18:21:18
counterHigh:  2 - seconds 18 / 19 - Thu 2024/10/10 18:21:19
counterHigh:  1 - seconds 19 / 20 - Thu 2024/10/10 18:21:20
counterHigh:  0 - seconds 20 / 21 - Thu 2024/10/10 18:21:21
LCD display : 10/10   18:21:21 -- 0123456789ABCDEF
CHECK ALL DHT
SHED : 80.78*F 
HEATSINK : ERR*F 
SAND : ERR*F 
RESERVOIR : ERR*F 
ROOF : ERR*F 
AMBIENT : 79.16*F 
evaluateRule: invalid type... 7 3 4 
evaluateRule: invalid type... 7 2 3 
5 done rules...
counterHigh:  9 - seconds 21 / 22 - Thu 2024/10/10 18:21:22
counterHigh:  8 - seconds 22 / 23 - Thu 2024/10/10 18:21:23
counterHigh:  7 - seconds 23 / 24 - Thu 2024/10/10 18:21:24
counterHigh:  6 - seconds 24 / 25 - Thu 2024/10/10 18:21:25
counterHigh:  5 - seconds 25 / 26 - Thu 2024/10/10 18:21:26
counterHigh:  4 - seconds 26 / 27 - Thu 2024/10/10 18:21:27
counterHigh:  3 - seconds 27 / 27 - Thu 2024/10/10 18:21:27
Secondloop too short, increasing by 1 to 3443
counterHigh:  2 - seconds 27 / 28 - Thu 2024/10/10 18:21:28
counterHigh:  1 - seconds 28 / 29 - Thu 2024/10/10 18:21:29
counterHigh:  0 - seconds 29 / 30 - Thu 2024/10/10 18:21:30
LCD display : 10/10   18:21:30 -- 0123456789ABCDEF
CHECK ALL DHT
SHED : 80.78*F 
HEATSINK : ERR*F 
SAND : ERR*F 
RESERVOIR : ERR*F 
ROOF : ERR*F 
AMBIENT : 79.16*F 
evaluateRule: invalid type... 7 3 4 
evaluateRule: invalid type... 7 2 3 
5 done rules...
counterHigh:  9 - seconds 30 / 31 - Thu 2024/10/10 18:21:31
counterHigh:  8 - seconds 31 / 32 - Thu 2024/10/10 18:21:32
counterHigh:  7 - seconds 32 / 33 - Thu 2024/10/10 18:21:33
counterHigh:  6 - seconds 33 / 34 - Thu 2024/10/10 18:21:34
counterHigh:  5 - seconds 34 / 35 - Thu 2024/10/10 18:21:35
counterHigh:  4 - seconds 35 / 36 - Thu 2024/10/10 18:21:36
counterHigh:  3 - seconds 36 / 37 - Thu 2024/10/10 18:21:37
counterHigh:  2 - seconds 37 / 38 - Thu 2024/10/10 18:21:38
counterHigh:  1 - seconds 38 / 38 - Thu 2024/10/10 18:21:38
Secondloop too short, increasing by 1 to 3444
counterHigh:  0 - seconds 38 / 39 - Thu 2024/10/10 18:21:39
LCD display : 10/10   18:21:39 -- 0123456789ABCDEF
CHECK ALL DHT
SHED : 80.78*F 
HEATSINK : ERR*F 
SAND : ERR*F 
RESERVOIR : ERR*F 
ROOF : ERR*F 
AMBIENT : 79.16*F 
evaluateRule: invalid type... 7 3 4 
evaluateRule: invalid type... 7 2 3 
5 done rules...
counterHigh:  9 - seconds 39 / 41 - Thu 2024/10/10 18:21:41
Secondloop too long, reducing by 10 to 3434
counterHigh:  8 - seconds 41 / 42 - Thu 2024/10/10 18:21:42
counterHigh:  7 - seconds 42 / 42 - Thu 2024/10/10 18:21:42
Secondloop too short, increasing by 1 to 3435
counterHigh:  6 - seconds 42 / 43 - Thu 2024/10/10 18:21:43
counterHigh:  5 - seconds 43 / 44 - Thu 2024/10/10 18:21:44
counterHigh:  4 - seconds 44 / 45 - Thu 2024/10/10 18:21:45
counterHigh:  3 - seconds 45 / 46 - Thu 2024/10/10 18:21:46
counterHigh:  2 - seconds 46 / 47 - Thu 2024/10/10 18:21:47
counterHigh:  1 - seconds 47 / 48 - Thu 2024/10/10 18:21:48
counterHigh:  0 - seconds 48 / 49 - Thu 2024/10/10 18:21:49
LCD display : 10/10   18:21:49 -- 0123456789ABCDEF
CHECK ALL DHT
SHED : 80.78*F 
HEATSINK : ERR*F 
SAND : ERR*F 
RESERVOIR : ERR*F 
ROOF : ERR*F 
AMBIENT : 79.16*F 
evaluateRule: invalid type... 7 3 4 
evaluateRule: invalid type... 7 2 3 
5 done rules...
counterHigh:  9 - seconds 49 / 50 - Thu 2024/10/10 18:21:50
counterHigh:  8 - seconds 50 / 51 - Thu 2024/10/10 18:21:51
counterHigh:  7 - seconds 51 / 52 - Thu 2024/10/10 18:21:52
counterHigh:  6 - seconds 52 / 53 - Thu 2024/10/10 18:21:53
counterHigh:  5 - seconds 53 / 53 - Thu 2024/10/10 18:21:53
Secondloop too short, increasing by 1 to 3436
counterHigh:  4 - seconds 53 / 54 - Thu 2024/10/10 18:21:54
